TN:
SF:src/App.tsx
FN:32,(anonymous_7)
FN:36,(anonymous_8)
FN:38,(anonymous_9)
FN:148,(anonymous_10)
FNF:4
FNH:0
FNDA:0,(anonymous_7)
FNDA:0,(anonymous_8)
FNDA:0,(anonymous_9)
FNDA:0,(anonymous_10)
DA:1,0
DA:2,0
DA:3,0
DA:4,0
DA:5,0
DA:6,0
DA:7,0
DA:8,0
DA:11,0
DA:12,0
DA:15,0
DA:16,0
DA:17,0
DA:18,0
DA:19,0
DA:20,0
DA:21,0
DA:22,0
DA:23,0
DA:26,0
DA:29,0
DA:32,0
DA:34,0
DA:36,0
DA:38,0
DA:39,0
DA:41,0
DA:44,0
DA:46,0
DA:48,0
DA:52,0
DA:55,0
DA:148,0
DA:149,0
DA:165,0
LF:35
LH:0
BRF:0
BRH:0
end_of_record
TN:
SF:src/main.tsx
FNF:0
FNH:0
DA:1,0
DA:2,0
DA:3,0
DA:4,0
DA:5,0
DA:7,0
LF:6
LH:0
BRF:0
BRH:0
end_of_record
TN:
SF:src/components/ErrorBoundary.tsx
FN:3,(anonymous_1)
FN:14,(anonymous_2)
FN:19,(anonymous_3)
FN:23,(anonymous_4)
FNF:4
FNH:0
FNDA:0,(anonymous_1)
FNDA:0,(anonymous_2)
FNDA:0,(anonymous_3)
FNDA:0,(anonymous_4)
DA:1,0
DA:3,0
DA:4,0
DA:5,0
DA:7,0
DA:10,0
DA:15,0
DA:16,0
DA:20,0
DA:24,0
DA:25,0
DA:33,0
LF:12
LH:0
BRDA:4,0,0,0
BRDA:4,0,1,0
BRDA:24,1,0,0
BRDA:24,1,1,0
BRF:4
BRH:0
end_of_record
TN:
SF:src/components/PerformanceMonitor.tsx
FN:11,(anonymous_6)
FN:16,(anonymous_7)
FN:29,(anonymous_8)
FN:43,(anonymous_9)
FN:48,(anonymous_10)
FN:54,(anonymous_11)
FN:57,(anonymous_12)
FN:61,(anonymous_13)
FN:160,(anonymous_14)
FN:211,(anonymous_15)
FNF:10
FNH:0
FNDA:0,(anonymous_6)
FNDA:0,(anonymous_7)
FNDA:0,(anonymous_8)
FNDA:0,(anonymous_9)
FNDA:0,(anonymous_10)
FNDA:0,(anonymous_11)
FNDA:0,(anonymous_12)
FNDA:0,(anonymous_13)
FNDA:0,(anonymous_14)
FNDA:0,(anonymous_15)
DA:1,0
DA:2,0
DA:11,0
DA:12,0
DA:13,0
DA:14,0
DA:16,0
DA:17,0
DA:18,0
DA:19,0
DA:20,0
DA:21,0
DA:23,0
DA:25,0
DA:29,0
DA:30,0
DA:31,0
DA:32,0
DA:33,0
DA:34,0
DA:36,0
DA:37,0
DA:39,0
DA:43,0
DA:44,0
DA:45,0
DA:48,0
DA:49,0
DA:52,0
DA:54,0
DA:57,0
DA:58,0
DA:61,0
DA:62,0
DA:63,0
DA:64,0
DA:67,0
DA:161,0
DA:212,0
DA:253,0
LF:40
LH:0
BRDA:58,0,0,0
BRDA:58,0,1,0
BRDA:62,1,0,0
BRDA:62,1,1,0
BRDA:63,2,0,0
BRDA:63,2,1,0
BRDA:80,3,0,0
BRDA:80,3,1,0
BRDA:81,4,0,0
BRDA:81,4,1,0
BRDA:88,5,0,0
BRDA:88,5,1,0
BRDA:95,6,0,0
BRDA:95,6,1,0
BRDA:102,7,0,0
BRDA:102,7,1,0
BRDA:114,8,0,0
BRDA:114,8,1,0
BRDA:122,9,0,0
BRDA:122,9,1,0
BRDA:135,10,0,0
BRDA:135,10,1,0
BRDA:135,10,2,0
BRDA:172,11,0,0
BRDA:172,11,1,0
BRDA:186,12,0,0
BRDA:186,12,1,0
BRDA:186,12,2,0
BRDA:223,13,0,0
BRDA:223,13,1,0
BRDA:227,14,0,0
BRDA:227,14,1,0
BRDA:231,15,0,0
BRDA:231,15,1,0
BRDA:243,16,0,0
BRDA:243,16,1,0
BRDA:243,16,2,0
BRF:37
BRH:0
end_of_record
TN:
SF:src/components/DataImportExport/DataImportExport.tsx
FN:37,(anonymous_6)
FN:46,(anonymous_7)
FN:53,(anonymous_8)
FN:54,(anonymous_9)
FN:86,(anonymous_10)
FN:100,(anonymous_11)
FN:118,(anonymous_12)
FN:141,(anonymous_13)
FN:149,(anonymous_14)
FN:164,(anonymous_15)
FN:178,(anonymous_16)
FN:194,(anonymous_17)
FN:202,(anonymous_18)
FN:213,(anonymous_19)
FN:242,(anonymous_20)
FN:248,(anonymous_21)
FN:316,(anonymous_22)
FN:335,(anonymous_23)
FN:364,(anonymous_24)
FN:386,(anonymous_25)
FN:414,(anonymous_26)
FN:420,(anonymous_27)
FNF:22
FNH:0
FNDA:0,(anonymous_6)
FNDA:0,(anonymous_7)
FNDA:0,(anonymous_8)
FNDA:0,(anonymous_9)
FNDA:0,(anonymous_10)
FNDA:0,(anonymous_11)
FNDA:0,(anonymous_12)
FNDA:0,(anonymous_13)
FNDA:0,(anonymous_14)
FNDA:0,(anonymous_15)
FNDA:0,(anonymous_16)
FNDA:0,(anonymous_17)
FNDA:0,(anonymous_18)
FNDA:0,(anonymous_19)
FNDA:0,(anonymous_20)
FNDA:0,(anonymous_21)
FNDA:0,(anonymous_22)
FNDA:0,(anonymous_23)
FNDA:0,(anonymous_24)
FNDA:0,(anonymous_25)
FNDA:0,(anonymous_26)
FNDA:0,(anonymous_27)
DA:1,0
DA:2,0
DA:17,0
DA:27,0
DA:30,0
DA:31,0
DA:37,0
DA:38,0
DA:39,0
DA:40,0
DA:41,0
DA:42,0
DA:43,0
DA:46,0
DA:47,0
DA:48,0
DA:49,0
DA:51,0
DA:53,0
DA:54,0
DA:55,0
DA:56,0
DA:57,0
DA:59,0
DA:63,0
DA:65,0
DA:66,0
DA:67,0
DA:69,0
DA:70,0
DA:73,0
DA:74,0
DA:76,0
DA:79,0
DA:81,0
DA:86,0
DA:87,0
DA:88,0
DA:89,0
DA:90,0
DA:91,0
DA:92,0
DA:95,0
DA:100,0
DA:101,0
DA:102,0
DA:103,0
DA:104,0
DA:105,0
DA:106,0
DA:107,0
DA:108,0
DA:109,0
DA:110,0
DA:114,0
DA:119,0
DA:123,0
DA:124,0
DA:125,0
DA:128,0
DA:129,0
DA:130,0
DA:131,0
DA:134,0
DA:135,0
DA:141,0
DA:142,0
DA:144,0
DA:150,0
DA:164,0
DA:174,0
DA:178,0
DA:186,0
DA:194,0
DA:202,0
DA:214,0
DA:215,0
DA:216,0
DA:242,0
DA:248,0
DA:317,0
DA:335,0
DA:364,0
DA:386,0
DA:414,0
DA:420,0
DA:432,0
LF:87
LH:0
BRDA:55,0,0,0
BRDA:55,0,1,0
BRDA:69,1,0,0
BRDA:69,1,1,0
BRDA:73,2,0,0
BRDA:73,2,1,0
BRDA:79,3,0,0
BRDA:79,3,1,0
BRDA:89,4,0,0
BRDA:89,4,1,0
BRDA:95,5,0,0
BRDA:95,5,1,0
BRDA:119,6,0,0
BRDA:119,6,1,0
BRDA:119,6,2,0
BRDA:123,7,0,0
BRDA:123,7,1,0
BRDA:129,8,0,0
BRDA:129,8,1,0
BRDA:142,9,0,0
BRDA:142,9,1,0
BRDA:151,10,0,0
BRDA:151,10,1,0
BRDA:152,11,0,0
BRDA:152,11,1,0
BRDA:153,12,0,0
BRDA:153,12,1,0
BRDA:154,13,0,0
BRDA:154,13,1,0
BRDA:155,14,0,0
BRDA:155,14,1,0
BRDA:156,15,0,0
BRDA:156,15,1,0
BRDA:164,16,0,0
BRDA:164,16,1,0
BRDA:256,17,0,0
BRDA:256,17,1,0
BRDA:261,18,0,0
BRDA:261,18,1,0
BRDA:278,19,0,0
BRDA:278,19,1,0
BRDA:283,20,0,0
BRDA:283,20,1,0
BRDA:299,21,0,0
BRDA:299,21,1,0
BRDA:304,22,0,0
BRDA:304,22,1,0
BRDA:311,23,0,0
BRDA:311,23,1,0
BRF:49
BRH:0
end_of_record
TN:
SF:src/components/ErrorBoundary/ErrorBoundary.tsx
FN:23,(anonymous_1)
FN:65,(anonymous_2)
FN:69,(anonymous_3)
FN:33,(anonymous_4)
FN:40,(anonymous_5)
FN:81,(anonymous_6)
FNF:6
FNH:0
FNDA:0,(anonymous_1)
FNDA:0,(anonymous_2)
FNDA:0,(anonymous_3)
FNDA:0,(anonymous_4)
FNDA:0,(anonymous_5)
FNDA:0,(anonymous_6)
DA:1,0
DA:2,0
DA:3,0
DA:20,0
DA:21,0
DA:24,0
DA:25,0
DA:34,0
DA:41,0
DA:44,0
DA:49,0
DA:50,0
DA:57,0
DA:58,0
DA:62,0
DA:65,0
DA:66,0
DA:68,0
DA:69,0
DA:77,0
DA:82,0
DA:83,0
DA:85,0
DA:86,0
DA:87,0
DA:90,0
DA:101,0
LF:27
LH:0
BRDA:68,0,0,0
BRDA:68,0,1,0
BRDA:41,1,0,0
BRDA:57,2,0,0
BRDA:57,2,1,0
BRDA:85,3,0,0
BRDA:85,3,1,0
BRDA:85,4,0,0
BRDA:85,4,1,0
BRDA:86,5,0,0
BRDA:86,5,1,0
BRF:11
BRH:0
end_of_record
TN:
SF:src/components/ErrorBoundary/ErrorBoundaryExample.tsx
FN:15,(anonymous_6)
FN:29,(anonymous_7)
FN:38,(anonymous_8)
FN:41,(anonymous_9)
FN:54,(anonymous_10)
FN:72,(anonymous_11)
FN:89,(anonymous_12)
FN:107,(anonymous_13)
FN:108,(anonymous_14)
FN:127,(anonymous_15)
FNF:10
FNH:0
FNDA:0,(anonymous_6)
FNDA:0,(anonymous_7)
FNDA:0,(anonymous_8)
FNDA:0,(anonymous_9)
FNDA:0,(anonymous_10)
FNDA:0,(anonymous_11)
FNDA:0,(anonymous_12)
FNDA:0,(anonymous_13)
FNDA:0,(anonymous_14)
FNDA:0,(anonymous_15)
DA:1,0
DA:2,0
DA:3,0
DA:12,0
DA:15,0
DA:16,0
DA:18,0
DA:19,0
DA:22,0
DA:29,0
DA:38,0
DA:39,0
DA:41,0
DA:42,0
DA:44,0
DA:46,0
DA:54,0
DA:56,0
DA:59,0
DA:72,0
DA:73,0
DA:89,0
DA:90,0
DA:107,0
DA:108,0
DA:110,0
DA:111,0
DA:112,0
DA:118,0
DA:127,0
DA:128,0
LF:31
LH:0
BRDA:18,0,0,0
BRDA:18,0,1,0
BRF:2
BRH:0
end_of_record
TN:
SF:src/components/ErrorBoundary/ErrorBoundaryTest.tsx
FN:16,(anonymous_6)
FN:30,(anonymous_7)
FN:39,(anonymous_8)
FN:42,(anonymous_9)
FN:55,(anonymous_10)
FN:73,(anonymous_11)
FN:90,(anonymous_12)
FN:108,(anonymous_13)
FN:109,(anonymous_14)
FN:128,(anonymous_15)
FN:164,(anonymous_16)
FNF:11
FNH:0
FNDA:0,(anonymous_6)
FNDA:0,(anonymous_7)
FNDA:0,(anonymous_8)
FNDA:0,(anonymous_9)
FNDA:0,(anonymous_10)
FNDA:0,(anonymous_11)
FNDA:0,(anonymous_12)
FNDA:0,(anonymous_13)
FNDA:0,(anonymous_14)
FNDA:0,(anonymous_15)
FNDA:0,(anonymous_16)
DA:1,0
DA:2,0
DA:3,0
DA:13,0
DA:16,0
DA:17,0
DA:19,0
DA:20,0
DA:23,0
DA:30,0
DA:39,0
DA:40,0
DA:42,0
DA:43,0
DA:45,0
DA:47,0
DA:55,0
DA:57,0
DA:60,0
DA:73,0
DA:74,0
DA:90,0
DA:91,0
DA:108,0
DA:109,0
DA:111,0
DA:112,0
DA:113,0
DA:119,0
DA:128,0
DA:129,0
DA:131,0
DA:164,0
DA:186,0
LF:34
LH:0
BRDA:19,0,0,0
BRDA:19,0,1,0
BRDA:166,1,0,0
BRDA:166,1,1,0
BRDA:170,2,0,0
BRDA:170,2,1,0
BRF:6
BRH:0
end_of_record
TN:
SF:src/components/ErrorBoundary/ErrorFallback.tsx
FN:15,(anonymous_6)
FN:27,(anonymous_7)
FN:30,(anonymous_8)
FN:37,(anonymous_9)
FN:41,(anonymous_10)
FN:45,(anonymous_11)
FN:49,(anonymous_12)
FN:107,(anonymous_13)
FNF:8
FNH:0
FNDA:0,(anonymous_6)
FNDA:0,(anonymous_7)
FNDA:0,(anonymous_8)
FNDA:0,(anonymous_9)
FNDA:0,(anonymous_10)
FNDA:0,(anonymous_11)
FNDA:0,(anonymous_12)
FNDA:0,(anonymous_13)
DA:1,0
DA:2,0
DA:15,0
DA:24,0
DA:25,0
DA:27,0
DA:28,0
DA:29,0
DA:30,0
DA:31,0
DA:33,0
DA:37,0
DA:38,0
DA:41,0
DA:42,0
DA:45,0
DA:46,0
DA:49,0
DA:50,0
DA:53,0
DA:55,0
DA:107,0
LF:22
LH:0
BRDA:21,0,0,0
BRDA:22,1,0,0
BRDA:42,2,0,0
BRDA:42,2,1,0
BRDA:46,3,0,0
BRDA:46,3,1,0
BRDA:50,4,0,0
BRDA:50,4,1,0
BRDA:87,5,0,0
BRDA:87,5,1,0
BRDA:89,6,0,0
BRDA:89,6,1,0
BRDA:89,7,0,0
BRDA:89,7,1,0
BRDA:94,8,0,0
BRDA:94,8,1,0
BRDA:95,9,0,0
BRDA:95,9,1,0
BRDA:95,10,0,0
BRDA:95,10,1,0
BRDA:110,11,0,0
BRDA:110,11,1,0
BRDA:125,12,0,0
BRDA:125,12,1,0
BRDA:136,13,0,0
BRDA:136,13,1,0
BRF:26
BRH:0
end_of_record
TN:
SF:src/components/ErrorBoundary/ErrorMonitor.tsx
FN:20,(anonymous_6)
FN:28,(anonymous_7)
FN:39,(anonymous_8)
FN:52,(anonymous_9)
FN:56,(anonymous_10)
FN:60,(anonymous_11)
FN:82,(anonymous_12)
FN:89,(anonymous_13)
FN:99,(anonymous_14)
FN:128,(anonymous_15)
FN:158,(anonymous_16)
FN:164,(anonymous_17)
FN:173,(anonymous_18)
FN:174,(anonymous_19)
FN:186,(anonymous_20)
FN:193,(anonymous_21)
FN:202,(anonymous_22)
FN:212,(anonymous_23)
FN:252,(anonymous_24)
FN:254,(anonymous_25)
FN:262,(anonymous_26)
FNF:21
FNH:0
FNDA:0,(anonymous_6)
FNDA:0,(anonymous_7)
FNDA:0,(anonymous_8)
FNDA:0,(anonymous_9)
FNDA:0,(anonymous_10)
FNDA:0,(anonymous_11)
FNDA:0,(anonymous_12)
FNDA:0,(anonymous_13)
FNDA:0,(anonymous_14)
FNDA:0,(anonymous_15)
FNDA:0,(anonymous_16)
FNDA:0,(anonymous_17)
FNDA:0,(anonymous_18)
FNDA:0,(anonymous_19)
FNDA:0,(anonymous_20)
FNDA:0,(anonymous_21)
FNDA:0,(anonymous_22)
FNDA:0,(anonymous_23)
FNDA:0,(anonymous_24)
FNDA:0,(anonymous_25)
FNDA:0,(anonymous_26)
DA:1,0
DA:2,0
DA:3,0
DA:13,0
DA:14,0
DA:17,0
DA:18,0
DA:20,0
DA:21,0
DA:22,0
DA:23,0
DA:24,0
DA:26,0
DA:28,0
DA:29,0
DA:31,0
DA:33,0
DA:35,0
DA:39,0
DA:40,0
DA:41,0
DA:42,0
DA:43,0
DA:44,0
DA:45,0
DA:46,0
DA:47,0
DA:48,0
DA:49,0
DA:52,0
DA:53,0
DA:54,0
DA:55,0
DA:56,0
DA:57,0
DA:58,0
DA:59,0
DA:60,0
DA:61,0
DA:62,0
DA:63,0
DA:64,0
DA:65,0
DA:70,0
DA:76,0
DA:79,0
DA:82,0
DA:83,0
DA:84,0
DA:86,0
DA:89,0
DA:90,0
DA:91,0
DA:96,0
DA:99,0
DA:100,0
DA:103,0
DA:129,0
DA:158,0
DA:164,0
DA:173,0
DA:174,0
DA:187,0
DA:193,0
DA:202,0
DA:212,0
DA:252,0
DA:254,0
DA:263,0
DA:264,0
LF:70
LH:0
BRDA:29,0,0,0
BRDA:29,0,1,0
BRDA:29,0,2,0
BRDA:58,1,0,0
BRDA:58,1,1,0
BRDA:83,2,0,0
BRDA:83,2,1,0
BRDA:90,3,0,0
BRDA:90,3,1,0
BRDA:178,4,0,0
BRDA:178,4,1,0
BRDA:197,5,0,0
BRDA:197,5,1,0
BRDA:224,6,0,0
BRDA:224,6,1,0
BRDA:230,7,0,0
BRDA:230,7,1,0
BRDA:257,8,0,0
BRDA:257,8,1,0
BRDA:257,8,2,0
BRDA:273,9,0,0
BRDA:273,9,1,0
BRDA:288,10,0,0
BRDA:288,10,1,0
BRDA:297,11,0,0
BRDA:297,11,1,0
BRF:26
BRH:0
end_of_record
TN:
SF:src/components/ErrorBoundary/index.ts
FN:2,(anonymous_0)
FN:5,(anonymous_1)
FN:8,(anonymous_2)
FN:11,(anonymous_3)
FN:15,(anonymous_4)
FN:16,(anonymous_5)
FN:17,(anonymous_6)
FN:25,(anonymous_7)
FN:26,(anonymous_8)
FN:31,(anonymous_9)
FN:32,(anonymous_10)
FN:33,(anonymous_11)
FN:34,(anonymous_12)
FN:35,(anonymous_13)
FNF:14
FNH:0
FNDA:0,(anonymous_0)
FNDA:0,(anonymous_1)
FNDA:0,(anonymous_2)
FNDA:0,(anonymous_3)
FNDA:0,(anonymous_4)
FNDA:0,(anonymous_5)
FNDA:0,(anonymous_6)
FNDA:0,(anonymous_7)
FNDA:0,(anonymous_8)
FNDA:0,(anonymous_9)
FNDA:0,(anonymous_10)
FNDA:0,(anonymous_11)
FNDA:0,(anonymous_12)
FNDA:0,(anonymous_13)
DA:2,0
DA:5,0
DA:8,0
DA:11,0
DA:14,0
DA:15,0
DA:16,0
DA:17,0
DA:24,0
DA:25,0
DA:26,0
DA:30,0
DA:31,0
DA:32,0
DA:33,0
DA:34,0
DA:35,0
LF:17
LH:0
BRF:0
BRH:0
end_of_record
TN:
SF:src/components/Layout/MainLayout.tsx
FN:28,(anonymous_1)
FN:32,(anonymous_2)
FN:33,(anonymous_3)
FN:76,(anonymous_4)
FN:104,(anonymous_5)
FN:122,(anonymous_6)
FN:181,(anonymous_7)
FNF:7
FNH:0
FNDA:0,(anonymous_1)
FNDA:0,(anonymous_2)
FNDA:0,(anonymous_3)
FNDA:0,(anonymous_4)
FNDA:0,(anonymous_5)
FNDA:0,(anonymous_6)
FNDA:0,(anonymous_7)
DA:1,0
DA:2,0
DA:3,0
DA:17,0
DA:18,0
DA:19,0
DA:21,0
DA:22,0
DA:28,0
DA:29,0
DA:30,0
DA:31,0
DA:32,0
DA:33,0
DA:34,0
DA:37,0
DA:76,0
DA:77,0
DA:78,0
DA:82,0
DA:104,0
DA:105,0
DA:108,0
DA:109,0
DA:112,0
DA:113,0
DA:116,0
DA:117,0
DA:122,0
DA:127,0
DA:181,0
DA:235,0
LF:32
LH:0
BRDA:105,0,0,0
BRDA:105,0,1,0
BRDA:105,0,2,0
BRDA:122,1,0,0
BRDA:122,1,1,0
BRDA:147,2,0,0
BRDA:147,2,1,0
BRDA:180,3,0,0
BRDA:180,3,1,0
BRF:9
BRH:0
end_of_record
TN:
SF:src/components/Loading/LoadingOverlay.tsx
FN:14,(anonymous_1)
FN:43,(anonymous_2)
FNF:2
FNH:0
FNDA:0,(anonymous_1)
FNDA:0,(anonymous_2)
DA:1,0
DA:2,0
DA:3,0
DA:14,0
DA:22,0
DA:24,0
DA:43,0
DA:52,0
DA:54,0
DA:71,0
LF:10
LH:0
BRDA:16,0,0,0
BRDA:18,1,0,0
BRDA:19,2,0,0
BRDA:20,3,0,0
BRDA:22,4,0,0
BRDA:22,4,1,0
BRDA:28,5,0,0
BRDA:28,5,1,0
BRDA:45,6,0,0
BRDA:47,7,0,0
BRDA:48,8,0,0
BRDA:49,9,0,0
BRDA:50,10,0,0
BRDA:52,11,0,0
BRDA:52,11,1,0
BRDA:58,12,0,0
BRDA:58,12,1,0
BRF:17
BRH:0
end_of_record
TN:
SF:src/components/Loading/LoadingSpinner.tsx
FN:25,(anonymous_1)
FNF:1
FNH:0
FNDA:0,(anonymous_1)
DA:1,0
DA:2,0
DA:11,0
DA:18,0
DA:25,0
DA:31,0
DA:53,0
LF:7
LH:0
BRDA:26,0,0,0
BRDA:27,1,0,0
BRDA:44,2,0,0
BRDA:44,2,1,0
BRF:4
BRH:0
end_of_record
TN:
SF:src/components/Loading/Skeleton.tsx
FN:12,(anonymous_1)
FN:35,(anonymous_2)
FN:60,(anonymous_3)
FN:71,(anonymous_4)
FN:78,(anonymous_5)
FN:83,(anonymous_6)
FN:85,(anonymous_7)
FN:93,(anonymous_8)
FN:95,(anonymous_9)
FN:107,(anonymous_10)
FN:111,(anonymous_11)
FN:122,(anonymous_12)
FN:125,(anonymous_13)
FNF:13
FNH:0
FNDA:0,(anonymous_1)
FNDA:0,(anonymous_2)
FNDA:0,(anonymous_3)
FNDA:0,(anonymous_4)
FNDA:0,(anonymous_5)
FNDA:0,(anonymous_6)
FNDA:0,(anonymous_7)
FNDA:0,(anonymous_8)
FNDA:0,(anonymous_9)
FNDA:0,(anonymous_10)
FNDA:0,(anonymous_11)
FNDA:0,(anonymous_12)
FNDA:0,(anonymous_13)
DA:1,0
DA:2,0
DA:12,0
DA:19,0
DA:21,0
DA:27,0
DA:32,0
DA:33,0
DA:36,0
DA:51,0
DA:60,0
DA:61,0
DA:71,0
DA:75,0
DA:79,0
DA:84,0
DA:86,0
DA:93,0
DA:94,0
DA:96,0
DA:107,0
DA:108,0
DA:112,0
DA:122,0
DA:123,0
DA:126,0
DA:142,0
LF:27
LH:0
BRDA:16,0,0,0
BRDA:17,1,0,0
BRDA:28,2,0,0
BRDA:28,2,1,0
BRDA:28,3,0,0
BRDA:28,3,1,0
BRDA:29,4,0,0
BRDA:29,4,1,0
BRDA:29,5,0,0
BRDA:29,5,1,0
BRDA:32,6,0,0
BRDA:32,6,1,0
BRDA:32,7,0,0
BRDA:32,7,1,0
BRDA:41,8,0,0
BRDA:41,8,1,0
BRDA:41,9,0,0
BRDA:41,9,1,0
BRDA:72,10,0,0
BRDA:73,11,0,0
BRDA:93,12,0,0
BRF:21
BRH:0
end_of_record
TN:
SF:src/components/Loading/index.ts
FN:2,(anonymous_1)
FN:3,(anonymous_2)
FN:3,(anonymous_3)
FN:3,(anonymous_4)
FN:3,(anonymous_5)
FN:3,(anonymous_6)
FN:3,(anonymous_7)
FN:4,(anonymous_8)
FN:4,(anonymous_9)
FN:7,(anonymous_10)
FN:8,(anonymous_11)
FN:9,(anonymous_12)
FNF:12
FNH:0
FNDA:0,(anonymous_1)
FNDA:0,(anonymous_2)
FNDA:0,(anonymous_3)
FNDA:0,(anonymous_4)
FNDA:0,(anonymous_5)
FNDA:0,(anonymous_6)
FNDA:0,(anonymous_7)
FNDA:0,(anonymous_8)
FNDA:0,(anonymous_9)
FNDA:0,(anonymous_10)
FNDA:0,(anonymous_11)
FNDA:0,(anonymous_12)
DA:2,0
DA:3,0
DA:4,0
DA:7,0
DA:8,0
DA:9,0
LF:6
LH:0
BRF:0
BRH:0
end_of_record
TN:
SF:src/components/Responsive/ResponsiveChart.tsx
FN:33,(anonymous_1)
FN:133,(anonymous_2)
FN:190,(anonymous_3)
FN:268,(anonymous_4)
FNF:4
FNH:0
FNDA:0,(anonymous_1)
FNDA:0,(anonymous_2)
FNDA:0,(anonymous_3)
FNDA:0,(anonymous_4)
DA:1,0
DA:2,0
DA:3,0
DA:4,0
DA:6,0
DA:7,0
DA:33,0
DA:44,0
DA:47,0
DA:54,0
DA:61,0
DA:67,0
DA:74,0
DA:82,0
DA:95,0
DA:115,0
DA:133,0
DA:134,0
DA:135,0
DA:136,0
DA:138,0
DA:146,0
DA:147,0
DA:191,0
DA:232,0
DA:269,0
DA:309,0
LF:27
LH:0
BRDA:37,0,0,0
BRDA:38,1,0,0
BRDA:41,2,0,0
BRDA:75,3,0,0
BRDA:75,3,1,0
BRDA:101,4,0,0
BRDA:101,4,1,0
BRDA:102,5,0,0
BRDA:102,5,1,0
BRDA:120,6,0,0
BRDA:120,6,1,0
BRDA:126,7,0,0
BRDA:126,7,1,0
BRDA:134,8,0,0
BRDA:134,8,1,0
BRDA:135,9,0,0
BRDA:135,9,1,0
BRDA:136,10,0,0
BRDA:136,10,1,0
BRDA:146,11,0,0
BRDA:146,11,1,0
BRDA:154,12,0,0
BRDA:154,12,1,0
BRDA:154,12,2,0
BRDA:157,13,0,0
BRDA:157,13,1,0
BRDA:163,14,0,0
BRDA:163,14,1,0
BRDA:170,15,0,0
BRDA:170,15,1,0
BRDA:183,16,0,0
BRDA:183,16,1,0
BRDA:197,17,0,0
BRDA:197,17,1,0
BRDA:205,18,0,0
BRDA:205,18,1,0
BRDA:213,19,0,0
BRDA:213,19,1,0
BRDA:238,20,0,0
BRDA:238,20,1,0
BRDA:244,21,0,0
BRDA:244,21,1,0
BRDA:250,22,0,0
BRDA:250,22,1,0
BRDA:262,23,0,0
BRDA:262,23,1,0
BRDA:275,24,0,0
BRDA:275,24,1,0
BRDA:283,25,0,0
BRDA:283,25,1,0
BRDA:291,26,0,0
BRDA:291,26,1,0
BRF:52
BRH:0
end_of_record
TN:
SF:src/components/Responsive/ResponsiveExample.tsx
FN:54,(anonymous_6)
FN:65,(anonymous_7)
FN:83,(anonymous_8)
FN:94,(anonymous_9)
FN:104,(anonymous_10)
FN:107,(anonymous_11)
FN:110,(anonymous_12)
FN:127,(anonymous_13)
FN:190,(anonymous_14)
FN:217,(anonymous_15)
FN:237,(anonymous_16)
FN:240,(anonymous_17)
FN:256,(anonymous_18)
FN:259,(anonymous_19)
FNF:14
FNH:0
FNDA:0,(anonymous_6)
FNDA:0,(anonymous_7)
FNDA:0,(anonymous_8)
FNDA:0,(anonymous_9)
FNDA:0,(anonymous_10)
FNDA:0,(anonymous_11)
FNDA:0,(anonymous_12)
FNDA:0,(anonymous_13)
FNDA:0,(anonymous_14)
FNDA:0,(anonymous_15)
FNDA:0,(anonymous_16)
FNDA:0,(anonymous_17)
FNDA:0,(anonymous_18)
FNDA:0,(anonymous_19)
DA:6,0
DA:7,0
DA:8,0
DA:14,0
DA:24,0
DA:27,0
DA:54,0
DA:55,0
DA:56,0
DA:59,0
DA:65,0
DA:84,0
DA:95,0
DA:103,0
DA:105,0
DA:108,0
DA:111,0
DA:116,0
DA:123,0
DA:127,0
DA:128,0
DA:129,0
DA:131,0
DA:132,0
DA:137,0
DA:144,0
DA:169,0
DA:177,0
DA:182,0
DA:191,0
DA:218,0
DA:238,0
DA:241,0
DA:257,0
DA:260,0
DA:286,0
LF:36
LH:0
BRDA:84,0,0,0
BRDA:84,0,1,0
BRDA:85,1,0,0
BRDA:85,1,1,0
BRDA:95,2,0,0
BRDA:95,2,1,0
BRDA:95,3,0,0
BRDA:95,3,1,0
BRDA:128,4,0,0
BRDA:128,4,1,0
BRDA:131,5,0,0
BRDA:131,5,1,0
BRDA:207,6,0,0
BRDA:207,6,1,0
BRDA:208,7,0,0
BRDA:208,7,1,0
BRF:16
BRH:0
end_of_record
TN:
SF:src/components/Responsive/ResponsiveLayout.tsx
FN:37,(anonymous_7)
FN:47,(anonymous_8)
FN:83,(anonymous_9)
FN:117,(anonymous_10)
FN:122,(anonymous_11)
FN:128,(anonymous_12)
FN:139,(anonymous_13)
FN:164,(anonymous_14)
FNF:8
FNH:0
FNDA:0,(anonymous_7)
FNDA:0,(anonymous_8)
FNDA:0,(anonymous_9)
FNDA:0,(anonymous_10)
FNDA:0,(anonymous_11)
FNDA:0,(anonymous_12)
FNDA:0,(anonymous_13)
FNDA:0,(anonymous_14)
DA:1,0
DA:2,0
DA:4,0
DA:5,0
DA:7,0
DA:8,0
DA:37,0
DA:43,0
DA:44,0
DA:47,0
DA:48,0
DA:56,0
DA:57,0
DA:65,0
DA:66,0
DA:74,0
DA:83,0
DA:84,0
DA:93,0
DA:94,0
DA:101,0
DA:102,0
DA:109,0
DA:117,0
DA:118,0
DA:120,0
DA:123,0
DA:128,0
DA:139,0
DA:140,0
DA:164,0
DA:165,0
DA:188,0
DA:215,0
LF:34
LH:0
BRDA:41,0,0,0
BRDA:56,1,0,0
BRDA:56,1,1,0
BRDA:65,2,0,0
BRDA:65,2,1,0
BRDA:93,3,0,0
BRDA:93,3,1,0
BRDA:101,4,0,0
BRDA:101,4,1,0
BRDA:118,5,0,0
BRDA:118,5,1,0
BRDA:118,6,0,0
BRDA:118,6,1,0
BRDA:124,7,0,0
BRDA:124,7,1,0
BRDA:126,8,0,0
BRDA:126,8,1,0
BRDA:127,9,0,0
BRDA:127,9,1,0
BRDA:128,10,0,0
BRDA:128,10,1,0
BRDA:142,11,0,0
BRDA:142,11,1,0
BRDA:147,12,0,0
BRDA:147,12,1,0
BRDA:155,13,0,0
BRDA:155,13,1,0
BRDA:167,14,0,0
BRDA:167,14,1,0
BRDA:172,15,0,0
BRDA:172,15,1,0
BRDA:180,16,0,0
BRDA:180,16,1,0
BRDA:200,17,0,0
BRDA:200,17,1,0
BRDA:200,18,0,0
BRDA:200,18,1,0
BRDA:203,19,0,0
BRDA:203,19,1,0
BRF:39
BRH:0
end_of_record
TN:
SF:src/components/Responsive/ResponsiveSidebar.tsx
FN:42,(anonymous_6)
FN:126,(anonymous_7)
FN:134,(anonymous_8)
FN:142,(anonymous_9)
FN:148,(anonymous_10)
FN:168,(anonymous_11)
FN:174,(anonymous_12)
FN:294,(anonymous_13)
FN:319,(anonymous_14)
FN:349,(anonymous_15)
FNF:10
FNH:0
FNDA:0,(anonymous_6)
FNDA:0,(anonymous_7)
FNDA:0,(anonymous_8)
FNDA:0,(anonymous_9)
FNDA:0,(anonymous_10)
FNDA:0,(anonymous_11)
FNDA:0,(anonymous_12)
FNDA:0,(anonymous_13)
FNDA:0,(anonymous_14)
FNDA:0,(anonymous_15)
DA:1,0
DA:2,0
DA:3,0
DA:18,0
DA:19,0
DA:20,0
DA:22,0
DA:23,0
DA:42,0
DA:50,0
DA:51,0
DA:52,0
DA:53,0
DA:54,0
DA:57,0
DA:62,0
DA:100,0
DA:103,0
DA:126,0
DA:127,0
DA:128,0
DA:129,0
DA:134,0
DA:135,0
DA:136,0
DA:137,0
DA:142,0
DA:143,0
DA:144,0
DA:148,0
DA:149,0
DA:150,0
DA:152,0
DA:153,0
DA:159,0
DA:168,0
DA:174,0
DA:220,0
DA:290,0
DA:294,0
DA:312,0
DA:319,0
DA:349,0
DA:356,0
LF:44
LH:0
BRDA:43,0,0,0
BRDA:45,1,0,0
BRDA:48,2,0,0
BRDA:100,3,0,0
BRDA:100,3,1,0
BRDA:128,4,0,0
BRDA:128,4,1,0
BRDA:136,5,0,0
BRDA:136,5,1,0
BRDA:149,6,0,0
BRDA:149,6,1,0
BRDA:149,7,0,0
BRDA:149,7,1,0
BRDA:152,8,0,0
BRDA:152,8,1,0
BRDA:152,9,0,0
BRDA:152,9,1,0
BRDA:249,10,0,0
BRDA:249,10,1,0
BRDA:269,11,0,0
BRDA:269,11,1,0
BRDA:290,12,0,0
BRDA:290,12,1,0
BRDA:293,13,0,0
BRDA:293,13,1,0
BRDA:301,14,0,0
BRDA:301,14,1,0
BRDA:315,15,0,0
BRDA:315,15,1,0
BRDA:337,16,0,0
BRDA:337,16,1,0
BRDA:340,17,0,0
BRDA:340,17,1,0
BRDA:346,18,0,0
BRDA:346,18,1,0
BRDA:346,18,2,0
BRF:36
BRH:0
end_of_record
TN:
SF:src/components/Responsive/ResponsiveTest.tsx
FN:63,(anonymous_6)
FN:74,(anonymous_7)
FN:98,(anonymous_8)
FN:109,(anonymous_9)
FN:119,(anonymous_10)
FN:122,(anonymous_11)
FN:125,(anonymous_12)
FN:170,(anonymous_13)
FN:207,(anonymous_14)
FN:228,(anonymous_15)
FN:231,(anonymous_16)
FN:251,(anonymous_17)
FN:254,(anonymous_18)
FN:275,(anonymous_19)
FN:284,(anonymous_20)
FNF:15
FNH:0
FNDA:0,(anonymous_6)
FNDA:0,(anonymous_7)
FNDA:0,(anonymous_8)
FNDA:0,(anonymous_9)
FNDA:0,(anonymous_10)
FNDA:0,(anonymous_11)
FNDA:0,(anonymous_12)
FNDA:0,(anonymous_13)
FNDA:0,(anonymous_14)
FNDA:0,(anonymous_15)
FNDA:0,(anonymous_16)
FNDA:0,(anonymous_17)
FNDA:0,(anonymous_18)
FNDA:0,(anonymous_19)
FNDA:0,(anonymous_20)
DA:6,0
DA:7,0
DA:8,0
DA:13,0
DA:21,0
DA:24,0
DA:63,0
DA:64,0
DA:65,0
DA:68,0
DA:74,0
DA:99,0
DA:110,0
DA:118,0
DA:120,0
DA:123,0
DA:126,0
DA:131,0
DA:150,0
DA:156,0
DA:162,0
DA:171,0
DA:208,0
DA:229,0
DA:232,0
DA:252,0
DA:255,0
DA:276,0
DA:277,0
DA:285,0
DA:305,0
LF:31
LH:0
BRDA:99,0,0,0
BRDA:99,0,1,0
BRDA:100,1,0,0
BRDA:100,1,1,0
BRDA:110,2,0,0
BRDA:110,2,1,0
BRDA:110,3,0,0
BRDA:110,3,1,0
BRDA:195,4,0,0
BRDA:195,4,1,0
BRDA:196,5,0,0
BRDA:196,5,1,0
BRF:12
BRH:0
end_of_record
TN:
SF:src/components/Responsive/breakpoints.ts
FN:27,(anonymous_0)
FN:36,(anonymous_1)
FN:43,(anonymous_2)
FN:50,(anonymous_3)
FNF:4
FNH:0
FNDA:0,(anonymous_0)
FNDA:0,(anonymous_1)
FNDA:0,(anonymous_2)
FNDA:0,(anonymous_3)
DA:6,0
DA:15,0
DA:27,0
DA:28,0
DA:29,0
DA:30,0
DA:36,0
DA:37,0
DA:43,0
DA:44,0
DA:50,0
DA:55,0
LF:12
LH:0
BRDA:28,0,0,0
BRDA:28,0,1,0
BRDA:29,1,0,0
BRDA:29,1,1,0
BRDA:55,2,0,0
BRDA:55,2,1,0
BRF:6
BRH:0
end_of_record
TN:
SF:src/components/Responsive/verify.ts
FNF:0
FNH:0
DA:37,0
DA:38,0
DA:39,0
DA:40,0
DA:41,0
DA:42,0
DA:43,0
DA:44,0
DA:46,0
LF:9
LH:0
BRF:0
BRH:0
end_of_record
TN:
SF:src/components/Responsive/hooks/useResponsive.ts
FN:8,(anonymous_0)
FN:20,(anonymous_1)
FN:22,(anonymous_2)
FN:37,(anonymous_3)
FN:69,(anonymous_4)
FN:71,(anonymous_5)
FN:73,(anonymous_6)
FN:82,(anonymous_7)
FN:134,(anonymous_8)
FN:137,(anonymous_9)
FN:144,(anonymous_10)
FN:151,(anonymous_11)
FNF:12
FNH:0
FNDA:0,(anonymous_0)
FNDA:0,(anonymous_1)
FNDA:0,(anonymous_2)
FNDA:0,(anonymous_3)
FNDA:0,(anonymous_4)
FNDA:0,(anonymous_5)
FNDA:0,(anonymous_6)
FNDA:0,(anonymous_7)
FNDA:0,(anonymous_8)
FNDA:0,(anonymous_9)
FNDA:0,(anonymous_10)
FNDA:0,(anonymous_11)
DA:1,0
DA:2,0
DA:8,0
DA:9,0
DA:14,0
DA:20,0
DA:22,0
DA:23,0
DA:24,0
DA:26,0
DA:27,0
DA:31,0
DA:34,0
DA:37,0
DA:38,0
DA:43,0
DA:44,0
DA:45,0
DA:48,0
DA:49,0
DA:50,0
DA:51,0
DA:52,0
DA:53,0
DA:55,0
DA:70,0
DA:72,0
DA:74,0
DA:82,0
DA:93,0
DA:96,0
DA:97,0
DA:99,0
DA:100,0
DA:102,0
DA:103,0
DA:105,0
DA:106,0
DA:108,0
DA:109,0
DA:111,0
DA:112,0
DA:116,0
DA:117,0
DA:119,0
DA:120,0
DA:122,0
DA:123,0
DA:127,0
DA:134,0
DA:135,0
DA:137,0
DA:138,0
DA:141,0
DA:144,0
DA:145,0
DA:148,0
DA:151,0
DA:152,0
DA:156,0
LF:60
LH:0
BRDA:10,0,0,0
BRDA:10,0,1,0
BRDA:11,1,0,0
BRDA:11,1,1,0
BRDA:15,2,0,0
BRDA:15,2,1,0
BRDA:48,3,0,0
BRDA:48,3,1,0
BRDA:49,4,0,0
BRDA:49,4,1,0
BRDA:50,5,0,0
BRDA:50,5,1,0
BRDA:51,6,0,0
BRDA:51,6,1,0
BRDA:52,7,0,0
BRDA:52,7,1,0
BRDA:74,8,0,0
BRDA:74,8,1,0
BRDA:96,9,0,0
BRDA:96,9,1,0
BRDA:96,10,0,0
BRDA:96,10,1,0
BRDA:99,11,0,0
BRDA:99,11,1,0
BRDA:99,12,0,0
BRDA:99,12,1,0
BRDA:102,13,0,0
BRDA:102,13,1,0
BRDA:102,14,0,0
BRDA:102,14,1,0
BRDA:105,15,0,0
BRDA:105,15,1,0
BRDA:105,16,0,0
BRDA:105,16,1,0
BRDA:108,17,0,0
BRDA:108,17,1,0
BRDA:108,18,0,0
BRDA:108,18,1,0
BRDA:111,19,0,0
BRDA:111,19,1,0
BRDA:111,20,0,0
BRDA:111,20,1,0
BRDA:116,21,0,0
BRDA:116,21,1,0
BRDA:116,22,0,0
BRDA:116,22,1,0
BRDA:119,23,0,0
BRDA:119,23,1,0
BRDA:119,24,0,0
BRDA:119,24,1,0
BRDA:122,25,0,0
BRDA:122,25,1,0
BRDA:122,26,0,0
BRDA:122,26,1,0
BRDA:127,27,0,0
BRDA:127,27,1,0
BRDA:127,27,2,0
BRDA:127,27,3,0
BRDA:127,27,4,0
BRDA:127,27,5,0
BRDA:127,27,6,0
BRF:61
BRH:0
end_of_record
TN:
SF:src/components/Responsive/hooks/useTouchGestures.ts
FN:17,(anonymous_0)
FN:34,(anonymous_1)
FN:47,(anonymous_2)
FN:54,(anonymous_3)
FN:66,(anonymous_4)
FN:75,(anonymous_5)
FN:85,(anonymous_6)
FN:104,(anonymous_7)
FN:126,(anonymous_8)
FN:131,(anonymous_9)
FN:140,(anonymous_10)
FN:170,(anonymous_11)
FN:176,(anonymous_12)
FN:181,(anonymous_13)
FN:189,(anonymous_14)
FN:193,(anonymous_15)
FN:199,(anonymous_16)
FNF:17
FNH:0
FNDA:0,(anonymous_0)
FNDA:0,(anonymous_1)
FNDA:0,(anonymous_2)
FNDA:0,(anonymous_3)
FNDA:0,(anonymous_4)
FNDA:0,(anonymous_5)
FNDA:0,(anonymous_6)
FNDA:0,(anonymous_7)
FNDA:0,(anonymous_8)
FNDA:0,(anonymous_9)
FNDA:0,(anonymous_10)
FNDA:0,(anonymous_11)
FNDA:0,(anonymous_12)
FNDA:0,(anonymous_13)
FNDA:0,(anonymous_14)
FNDA:0,(anonymous_15)
FNDA:0,(anonymous_16)
DA:1,0
DA:17,0
DA:21,0
DA:23,0
DA:24,0
DA:25,0
DA:26,0
DA:27,0
DA:28,0
DA:30,0
DA:31,0
DA:34,0
DA:35,0
DA:36,0
DA:37,0
DA:38,0
DA:39,0
DA:40,0
DA:41,0
DA:42,0
DA:47,0
DA:48,0
DA:49,0
DA:50,0
DA:54,0
DA:55,0
DA:56,0
DA:58,0
DA:59,0
DA:61,0
DA:66,0
DA:67,0
DA:68,0
DA:70,0
DA:71,0
DA:72,0
DA:75,0
DA:76,0
DA:79,0
DA:80,0
DA:85,0
DA:86,0
DA:88,0
DA:89,0
DA:91,0
DA:94,0
DA:95,0
DA:98,0
DA:99,0
DA:104,0
DA:105,0
DA:106,0
DA:107,0
DA:110,0
DA:112,0
DA:113,0
DA:114,0
DA:115,0
DA:118,0
DA:120,0
DA:121,0
DA:126,0
DA:127,0
DA:131,0
DA:132,0
DA:133,0
DA:135,0
DA:136,0
DA:137,0
DA:138,0
DA:140,0
DA:141,0
DA:142,0
DA:143,0
DA:144,0
DA:145,0
DA:149,0
DA:170,0
DA:171,0
DA:172,0
DA:173,0
DA:174,0
DA:176,0
DA:177,0
DA:178,0
DA:181,0
DA:182,0
DA:183,0
DA:189,0
DA:190,0
DA:193,0
DA:194,0
DA:195,0
DA:196,0
DA:199,0
DA:200,0
DA:201,0
DA:205,0
LF:98
LH:0
BRDA:17,0,0,0
BRDA:19,1,0,0
BRDA:20,2,0,0
BRDA:41,3,0,0
BRDA:41,3,1,0
BRDA:58,4,0,0
BRDA:58,4,1,0
BRDA:59,5,0,0
BRDA:59,5,1,0
BRDA:61,6,0,0
BRDA:61,6,1,0
BRDA:79,7,0,0
BRDA:79,7,1,0
BRDA:86,8,0,0
BRDA:86,8,1,0
BRDA:86,9,0,0
BRDA:86,9,1,0
BRDA:94,10,0,0
BRDA:94,10,1,0
BRDA:98,11,0,0
BRDA:98,11,1,0
BRDA:105,12,0,0
BRDA:105,12,1,0
BRDA:105,13,0,0
BRDA:105,13,1,0
BRDA:105,13,2,0
BRDA:112,14,0,0
BRDA:112,14,1,0
BRDA:120,15,0,0
BRDA:120,15,1,0
BRDA:133,16,0,0
BRDA:133,16,1,0
BRDA:182,17,0,0
BRDA:182,17,1,0
BRDA:194,18,0,0
BRDA:194,18,1,0
BRDA:211,19,0,0
BRDA:211,19,1,0
BRF:38
BRH:0
end_of_record
TN:
SF:src/components/TaskBoard/TaskBoard.tsx
FN:31,(anonymous_7)
FN:38,(anonymous_8)
FN:39,(anonymous_9)
FN:40,(anonymous_10)
FN:41,(anonymous_11)
FN:65,(anonymous_12)
FN:66,(anonymous_13)
FN:89,(anonymous_14)
FN:105,(anonymous_15)
FN:108,(anonymous_16)
FN:109,(anonymous_17)
FN:116,(anonymous_18)
FN:132,(anonymous_19)
FN:151,(anonymous_20)
FN:164,(anonymous_21)
FN:177,(anonymous_22)
FN:204,(anonymous_23)
FN:216,(anonymous_24)
FN:227,(anonymous_25)
FN:228,(anonymous_26)
FN:229,(anonymous_27)
FN:235,(anonymous_28)
FN:249,(anonymous_29)
FN:261,(anonymous_30)
FN:316,(anonymous_31)
FN:317,(anonymous_32)
FN:324,(anonymous_33)
FN:326,(anonymous_34)
FN:366,(anonymous_35)
FN:384,(anonymous_36)
FN:399,(anonymous_37)
FN:410,(anonymous_38)
FN:425,(anonymous_39)
FN:460,(anonymous_40)
FN:473,(anonymous_41)
FN:507,(anonymous_42)
FN:520,(anonymous_43)
FN:538,(anonymous_44)
FNF:38
FNH:0
FNDA:0,(anonymous_7)
FNDA:0,(anonymous_8)
FNDA:0,(anonymous_9)
FNDA:0,(anonymous_10)
FNDA:0,(anonymous_11)
FNDA:0,(anonymous_12)
FNDA:0,(anonymous_13)
FNDA:0,(anonymous_14)
FNDA:0,(anonymous_15)
FNDA:0,(anonymous_16)
FNDA:0,(anonymous_17)
FNDA:0,(anonymous_18)
FNDA:0,(anonymous_19)
FNDA:0,(anonymous_20)
FNDA:0,(anonymous_21)
FNDA:0,(anonymous_22)
FNDA:0,(anonymous_23)
FNDA:0,(anonymous_24)
FNDA:0,(anonymous_25)
FNDA:0,(anonymous_26)
FNDA:0,(anonymous_27)
FNDA:0,(anonymous_28)
FNDA:0,(anonymous_29)
FNDA:0,(anonymous_30)
FNDA:0,(anonymous_31)
FNDA:0,(anonymous_32)
FNDA:0,(anonymous_33)
FNDA:0,(anonymous_34)
FNDA:0,(anonymous_35)
FNDA:0,(anonymous_36)
FNDA:0,(anonymous_37)
FNDA:0,(anonymous_38)
FNDA:0,(anonymous_39)
FNDA:0,(anonymous_40)
FNDA:0,(anonymous_41)
FNDA:0,(anonymous_42)
FNDA:0,(anonymous_43)
FNDA:0,(anonymous_44)
DA:1,0
DA:2,0
DA:3,0
DA:10,0
DA:11,0
DA:12,0
DA:13,0
DA:14,0
DA:15,0
DA:18,0
DA:19,0
DA:21,0
DA:22,0
DA:31,0
DA:37,0
DA:38,0
DA:39,0
DA:40,0
DA:41,0
DA:44,0
DA:45,0
DA:47,0
DA:48,0
DA:49,0
DA:50,0
DA:53,0
DA:65,0
DA:66,0
DA:67,0
DA:68,0
DA:70,0
DA:71,0
DA:77,0
DA:78,0
DA:80,0
DA:81,0
DA:85,0
DA:89,0
DA:90,0
DA:91,0
DA:92,0
DA:94,0
DA:95,0
DA:96,0
DA:98,0
DA:101,0
DA:105,0
DA:106,0
DA:108,0
DA:109,0
DA:112,0
DA:116,0
DA:117,0
DA:118,0
DA:121,0
DA:122,0
DA:127,0
DA:132,0
DA:133,0
DA:134,0
DA:135,0
DA:137,0
DA:138,0
DA:139,0
DA:146,0
DA:151,0
DA:152,0
DA:153,0
DA:154,0
DA:155,0
DA:157,0
DA:159,0
DA:164,0
DA:165,0
DA:166,0
DA:167,0
DA:168,0
DA:170,0
DA:172,0
DA:177,0
DA:178,0
DA:179,0
DA:185,0
DA:188,0
DA:192,0
DA:195,0
DA:196,0
DA:197,0
DA:199,0
DA:204,0
DA:205,0
DA:212,0
DA:216,0
DA:217,0
DA:223,0
DA:227,0
DA:228,0
DA:229,0
DA:231,0
DA:235,0
DA:250,0
DA:251,0
DA:262,0
DA:263,0
DA:316,0
DA:317,0
DA:318,0
DA:321,0
DA:324,0
DA:327,0
DA:342,0
DA:344,0
DA:345,0
DA:357,0
DA:367,0
DA:385,0
DA:400,0
DA:411,0
DA:426,0
DA:427,0
DA:428,0
DA:461,0
DA:474,0
DA:508,0
DA:521,0
DA:538,0
DA:552,0
LF:127
LH:0
BRDA:32,0,0,0
BRDA:35,1,0,0
BRDA:54,2,0,0
BRDA:54,2,1,0
BRDA:55,3,0,0
BRDA:55,3,1,0
BRDA:56,4,0,0
BRDA:56,4,1,0
BRDA:58,5,0,0
BRDA:58,5,1,0
BRDA:61,6,0,0
BRDA:61,6,1,0
BRDA:95,7,0,0
BRDA:95,7,1,0
BRDA:95,8,0,0
BRDA:95,8,1,0
BRDA:95,8,2,0
BRDA:117,9,0,0
BRDA:117,9,1,0
BRDA:133,10,0,0
BRDA:133,10,1,0
BRDA:135,11,0,0
BRDA:135,11,1,0
BRDA:185,12,0,0
BRDA:185,12,1,0
BRDA:212,13,0,0
BRDA:212,13,1,0
BRDA:223,14,0,0
BRDA:223,14,1,0
BRDA:223,15,0,0
BRDA:223,15,1,0
BRDA:242,16,0,0
BRDA:242,16,1,0
BRDA:272,17,0,0
BRDA:272,17,1,0
BRDA:282,18,0,0
BRDA:282,18,1,0
BRDA:287,19,0,0
BRDA:287,19,1,0
BRDA:287,19,2,0
BRDA:290,20,0,0
BRDA:290,20,1,0
BRDA:290,20,2,0
BRDA:297,21,0,0
BRDA:297,21,1,0
BRDA:304,22,0,0
BRDA:304,22,1,0
BRDA:317,23,0,0
BRDA:317,23,1,0
BRDA:318,24,0,0
BRDA:318,24,1,0
BRDA:332,25,0,0
BRDA:332,25,1,0
BRDA:332,25,2,0
BRDA:342,26,0,0
BRDA:342,26,1,0
BRDA:342,26,2,0
BRDA:342,26,3,0
BRDA:342,26,4,0
BRDA:344,27,0,0
BRDA:344,27,1,0
BRDA:367,28,0,0
BRDA:367,28,1,0
BRDA:423,29,0,0
BRDA:423,29,1,0
BRDA:542,30,0,0
BRDA:542,30,1,0
BRF:67
BRH:0
end_of_record
TN:
SF:src/components/TaskBoard/index.ts
FN:1,(anonymous_0)
FNF:1
FNH:0
FNDA:0,(anonymous_0)
DA:1,0
LF:1
LH:0
BRF:0
BRH:0
end_of_record
TN:
SF:src/examples/LoadingExamples.tsx
FN:18,(anonymous_6)
FN:20,(anonymous_7)
FN:31,(anonymous_8)
FN:32,(anonymous_9)
FN:39,(anonymous_10)
FN:52,(anonymous_11)
FN:117,(anonymous_12)
FN:118,(anonymous_13)
FN:183,(anonymous_14)
FN:189,(anonymous_15)
FN:195,(anonymous_16)
FN:228,(anonymous_17)
FNF:12
FNH:0
FNDA:0,(anonymous_6)
FNDA:0,(anonymous_7)
FNDA:0,(anonymous_8)
FNDA:0,(anonymous_9)
FNDA:0,(anonymous_10)
FNDA:0,(anonymous_11)
FNDA:0,(anonymous_12)
FNDA:0,(anonymous_13)
FNDA:0,(anonymous_14)
FNDA:0,(anonymous_15)
FNDA:0,(anonymous_16)
FNDA:0,(anonymous_17)
DA:1,0
DA:2,0
DA:3,0
DA:14,0
DA:15,0
DA:16,0
DA:18,0
DA:19,0
DA:20,0
DA:21,0
DA:22,0
DA:23,0
DA:26,0
DA:29,0
DA:32,0
DA:33,0
DA:39,0
DA:40,0
DA:41,0
DA:42,0
DA:43,0
DA:45,0
DA:47,0
DA:52,0
DA:53,0
DA:54,0
DA:57,0
DA:117,0
DA:118,0
DA:183,0
DA:189,0
DA:195,0
DA:229,0
DA:230,0
DA:240,0
LF:35
LH:0
BRDA:31,0,0,0
BRDA:171,1,0,0
BRDA:171,1,1,0
BRF:3
BRH:0
end_of_record
TN:
SF:src/examples/TaskBoardExample.tsx
FN:15,(anonymous_6)
FN:17,(anonymous_7)
FN:18,(anonymous_8)
FN:19,(anonymous_9)
FN:22,(anonymous_10)
FN:41,(anonymous_11)
FN:47,(anonymous_12)
FN:78,(anonymous_13)
FN:81,(anonymous_14)
FN:84,(anonymous_15)
FNF:10
FNH:0
FNDA:0,(anonymous_6)
FNDA:0,(anonymous_7)
FNDA:0,(anonymous_8)
FNDA:0,(anonymous_9)
FNDA:0,(anonymous_10)
FNDA:0,(anonymous_11)
FNDA:0,(anonymous_12)
FNDA:0,(anonymous_13)
FNDA:0,(anonymous_14)
FNDA:0,(anonymous_15)
DA:1,0
DA:2,0
DA:3,0
DA:4,0
DA:5,0
DA:6,0
DA:7,0
DA:8,0
DA:15,0
DA:16,0
DA:17,0
DA:18,0
DA:19,0
DA:22,0
DA:23,0
DA:24,0
DA:25,0
DA:29,0
DA:41,0
DA:42,0
DA:43,0
DA:47,0
DA:48,0
DA:49,0
DA:52,0
DA:78,0
DA:81,0
DA:84,0
DA:105,0
LF:29
LH:0
BRDA:43,0,0,0
BRDA:43,0,1,0
BRF:2
BRH:0
end_of_record
TN:
SF:src/hooks/use-mobile.tsx
FN:5,useIsMobile
FN:8,(anonymous_7)
FN:10,(anonymous_8)
FN:15,(anonymous_9)
FNF:4
FNH:0
FNDA:0,useIsMobile
FNDA:0,(anonymous_7)
FNDA:0,(anonymous_8)
FNDA:0,(anonymous_9)
DA:1,0
DA:3,0
DA:5,0
DA:6,0
DA:8,0
DA:9,0
DA:10,0
DA:11,0
DA:13,0
DA:14,0
DA:15,0
DA:18,0
LF:12
LH:0
BRF:0
BRH:0
end_of_record
TN:
SF:src/hooks/useErrorHandler.ts
FN:36,(anonymous_0)
FN:39,(anonymous_1)
FN:64,(anonymous_2)
FN:72,(anonymous_3)
FN:73,(anonymous_4)
FN:74,(anonymous_5)
FN:79,(anonymous_6)
FN:82,(anonymous_7)
FN:84,(anonymous_8)
FN:94,(anonymous_9)
FN:111,(anonymous_10)
FN:121,(anonymous_11)
FN:124,(anonymous_12)
FNF:13
FNH:0
FNDA:0,(anonymous_0)
FNDA:0,(anonymous_1)
FNDA:0,(anonymous_2)
FNDA:0,(anonymous_3)
FNDA:0,(anonymous_4)
FNDA:0,(anonymous_5)
FNDA:0,(anonymous_6)
FNDA:0,(anonymous_7)
FNDA:0,(anonymous_8)
FNDA:0,(anonymous_9)
FNDA:0,(anonymous_10)
FNDA:0,(anonymous_11)
FNDA:0,(anonymous_12)
DA:1,0
DA:2,0
DA:13,0
DA:34,0
DA:36,0
DA:37,0
DA:39,0
DA:41,0
DA:49,0
DA:50,0
DA:54,0
DA:55,0
DA:59,0
DA:60,0
DA:64,0
DA:65,0
DA:68,0
DA:74,0
DA:79,0
DA:80,0
DA:82,0
DA:84,0
DA:85,0
DA:86,0
DA:87,0
DA:94,0
DA:95,0
DA:96,0
DA:97,0
DA:107,0
DA:108,0
DA:111,0
DA:112,0
DA:113,0
DA:117,0
DA:121,0
DA:122,0
DA:124,0
DA:125,0
DA:132,0
LF:40
LH:0
BRDA:39,0,0,0
BRDA:43,1,0,0
BRDA:43,1,1,0
BRDA:44,2,0,0
BRDA:44,2,1,0
BRDA:45,3,0,0
BRDA:45,3,1,0
BRDA:49,4,0,0
BRDA:49,4,1,0
BRDA:54,5,0,0
BRDA:54,5,1,0
BRDA:59,6,0,0
BRDA:59,6,1,0
BRDA:59,7,0,0
BRDA:59,7,1,0
BRDA:71,8,0,0
BRDA:71,8,1,0
BRDA:72,9,0,0
BRDA:72,9,1,0
BRDA:73,10,0,0
BRDA:73,10,1,0
BRDA:74,11,0,0
BRDA:74,11,1,0
BRDA:86,12,0,0
BRDA:86,12,1,0
BRDA:96,13,0,0
BRDA:96,13,1,0
BRF:27
BRH:0
end_of_record
TN:
SF:src/hooks/useLoading.ts
FN:21,(anonymous_0)
FN:30,(anonymous_1)
FN:35,(anonymous_2)
FN:40,(anonymous_3)
FN:48,(anonymous_4)
FN:53,(anonymous_5)
FN:58,(anonymous_6)
FN:63,(anonymous_7)
FN:68,(anonymous_8)
FN:73,(anonymous_9)
FN:101,(anonymous_10)
FN:119,(anonymous_11)
FN:124,(anonymous_12)
FNF:13
FNH:0
FNDA:0,(anonymous_0)
FNDA:0,(anonymous_1)
FNDA:0,(anonymous_2)
FNDA:0,(anonymous_3)
FNDA:0,(anonymous_4)
FNDA:0,(anonymous_5)
FNDA:0,(anonymous_6)
FNDA:0,(anonymous_7)
FNDA:0,(anonymous_8)
FNDA:0,(anonymous_9)
FNDA:0,(anonymous_10)
FNDA:0,(anonymous_11)
FNDA:0,(anonymous_12)
DA:1,0
DA:2,0
DA:3,0
DA:21,0
DA:22,0
DA:25,0
DA:26,0
DA:27,0
DA:30,0
DA:31,0
DA:35,0
DA:36,0
DA:40,0
DA:41,0
DA:42,0
DA:43,0
DA:48,0
DA:49,0
DA:53,0
DA:54,0
DA:58,0
DA:59,0
DA:63,0
DA:64,0
DA:68,0
DA:69,0
DA:73,0
DA:74,0
DA:77,0
DA:101,0
DA:107,0
DA:108,0
DA:109,0
DA:110,0
DA:112,0
DA:119,0
DA:124,0
DA:125,0
LF:38
LH:0
BRDA:42,0,0,0
BRDA:42,0,1,0
BRF:2
BRH:0
end_of_record
TN:
SF:src/lib/utils.ts
FN:4,cn
FNF:1
FNH:0
FNDA:0,cn
DA:1,0
DA:2,0
DA:4,0
DA:5,0
LF:4
LH:0
BRF:0
BRH:0
end_of_record
TN:
SF:src/pages/Dashboard.tsx
FN:73,(anonymous_7)
FN:75,(anonymous_8)
FN:76,(anonymous_9)
FN:77,(anonymous_10)
FN:78,(anonymous_11)
FN:79,(anonymous_12)
FN:122,(anonymous_13)
FN:130,(anonymous_14)
FN:142,(anonymous_15)
FN:150,(anonymous_16)
FN:151,(anonymous_17)
FN:162,(anonymous_18)
FN:168,(anonymous_19)
FN:169,(anonymous_20)
FN:173,(anonymous_21)
FN:175,(anonymous_22)
FN:192,(anonymous_23)
FN:196,(anonymous_24)
FN:202,(anonymous_25)
FN:204,(anonymous_26)
FN:218,(anonymous_27)
FN:226,(anonymous_28)
FN:227,(anonymous_29)
FN:256,(anonymous_30)
FN:269,(anonymous_31)
FN:282,(anonymous_32)
FN:283,(anonymous_33)
FN:284,(anonymous_34)
FN:285,(anonymous_35)
FN:286,(anonymous_36)
FN:287,(anonymous_37)
FN:303,(anonymous_38)
FN:305,(anonymous_39)
FN:310,(anonymous_40)
FN:312,(anonymous_41)
FN:313,(anonymous_42)
FN:318,(anonymous_43)
FN:335,(anonymous_44)
FN:340,(anonymous_45)
FN:348,(anonymous_46)
FN:349,(anonymous_47)
FN:350,(anonymous_48)
FN:351,(anonymous_49)
FN:352,(anonymous_50)
FN:392,(anonymous_51)
FN:399,(anonymous_52)
FN:409,(anonymous_53)
FN:410,(anonymous_54)
FN:421,(anonymous_55)
FN:422,(anonymous_56)
FN:465,(anonymous_57)
FN:472,(anonymous_58)
FN:473,(anonymous_59)
FN:474,(anonymous_60)
FN:475,(anonymous_61)
FN:476,(anonymous_62)
FN:498,(anonymous_63)
FN:510,(anonymous_64)
FN:530,(anonymous_65)
FN:538,(anonymous_66)
FN:539,(anonymous_67)
FN:540,(anonymous_68)
FN:543,(anonymous_69)
FN:544,(anonymous_70)
FN:575,(anonymous_71)
FN:586,(anonymous_72)
FN:592,(anonymous_73)
FN:606,(anonymous_74)
FN:634,(anonymous_75)
FN:645,(anonymous_76)
FN:647,(anonymous_77)
FN:650,(anonymous_78)
FN:682,(anonymous_79)
FN:688,(anonymous_80)
FN:701,(anonymous_81)
FN:702,(anonymous_82)
FN:732,(anonymous_83)
FN:743,(anonymous_84)
FN:755,(anonymous_85)
FN:758,(anonymous_86)
FN:800,(anonymous_87)
FN:832,(anonymous_88)
FN:934,(anonymous_89)
FN:935,(anonymous_90)
FN:969,(anonymous_91)
FN:970,(anonymous_92)
FNF:86
FNH:0
FNDA:0,(anonymous_7)
FNDA:0,(anonymous_8)
FNDA:0,(anonymous_9)
FNDA:0,(anonymous_10)
FNDA:0,(anonymous_11)
FNDA:0,(anonymous_12)
FNDA:0,(anonymous_13)
FNDA:0,(anonymous_14)
FNDA:0,(anonymous_15)
FNDA:0,(anonymous_16)
FNDA:0,(anonymous_17)
FNDA:0,(anonymous_18)
FNDA:0,(anonymous_19)
FNDA:0,(anonymous_20)
FNDA:0,(anonymous_21)
FNDA:0,(anonymous_22)
FNDA:0,(anonymous_23)
FNDA:0,(anonymous_24)
FNDA:0,(anonymous_25)
FNDA:0,(anonymous_26)
FNDA:0,(anonymous_27)
FNDA:0,(anonymous_28)
FNDA:0,(anonymous_29)
FNDA:0,(anonymous_30)
FNDA:0,(anonymous_31)
FNDA:0,(anonymous_32)
FNDA:0,(anonymous_33)
FNDA:0,(anonymous_34)
FNDA:0,(anonymous_35)
FNDA:0,(anonymous_36)
FNDA:0,(anonymous_37)
FNDA:0,(anonymous_38)
FNDA:0,(anonymous_39)
FNDA:0,(anonymous_40)
FNDA:0,(anonymous_41)
FNDA:0,(anonymous_42)
FNDA:0,(anonymous_43)
FNDA:0,(anonymous_44)
FNDA:0,(anonymous_45)
FNDA:0,(anonymous_46)
FNDA:0,(anonymous_47)
FNDA:0,(anonymous_48)
FNDA:0,(anonymous_49)
FNDA:0,(anonymous_50)
FNDA:0,(anonymous_51)
FNDA:0,(anonymous_52)
FNDA:0,(anonymous_53)
FNDA:0,(anonymous_54)
FNDA:0,(anonymous_55)
FNDA:0,(anonymous_56)
FNDA:0,(anonymous_57)
FNDA:0,(anonymous_58)
FNDA:0,(anonymous_59)
FNDA:0,(anonymous_60)
FNDA:0,(anonymous_61)
FNDA:0,(anonymous_62)
FNDA:0,(anonymous_63)
FNDA:0,(anonymous_64)
FNDA:0,(anonymous_65)
FNDA:0,(anonymous_66)
FNDA:0,(anonymous_67)
FNDA:0,(anonymous_68)
FNDA:0,(anonymous_69)
FNDA:0,(anonymous_70)
FNDA:0,(anonymous_71)
FNDA:0,(anonymous_72)
FNDA:0,(anonymous_73)
FNDA:0,(anonymous_74)
FNDA:0,(anonymous_75)
FNDA:0,(anonymous_76)
FNDA:0,(anonymous_77)
FNDA:0,(anonymous_78)
FNDA:0,(anonymous_79)
FNDA:0,(anonymous_80)
FNDA:0,(anonymous_81)
FNDA:0,(anonymous_82)
FNDA:0,(anonymous_83)
FNDA:0,(anonymous_84)
FNDA:0,(anonymous_85)
FNDA:0,(anonymous_86)
FNDA:0,(anonymous_87)
FNDA:0,(anonymous_88)
FNDA:0,(anonymous_89)
FNDA:0,(anonymous_90)
FNDA:0,(anonymous_91)
FNDA:0,(anonymous_92)
DA:1,0
DA:2,0
DA:3,0
DA:17,0
DA:18,0
DA:19,0
DA:20,0
DA:21,0
DA:22,0
DA:23,0
DA:24,0
DA:28,0
DA:29,0
DA:32,0
DA:33,0
DA:34,0
DA:35,0
DA:66,0
DA:67,0
DA:68,0
DA:69,0
DA:70,0
DA:71,0
DA:73,0
DA:74,0
DA:75,0
DA:76,0
DA:77,0
DA:78,0
DA:79,0
DA:87,0
DA:89,0
DA:91,0
DA:92,0
DA:93,0
DA:96,0
DA:97,0
DA:98,0
DA:99,0
DA:100,0
DA:101,0
DA:102,0
DA:105,0
DA:106,0
DA:107,0
DA:110,0
DA:116,0
DA:122,0
DA:123,0
DA:130,0
DA:131,0
DA:132,0
DA:136,0
DA:137,0
DA:142,0
DA:143,0
DA:144,0
DA:145,0
DA:147,0
DA:150,0
DA:151,0
DA:162,0
DA:163,0
DA:164,0
DA:167,0
DA:169,0
DA:170,0
DA:171,0
DA:172,0
DA:173,0
DA:175,0
DA:176,0
DA:177,0
DA:178,0
DA:191,0
DA:192,0
DA:193,0
DA:196,0
DA:197,0
DA:202,0
DA:203,0
DA:204,0
DA:205,0
DA:206,0
DA:212,0
DA:213,0
DA:214,0
DA:218,0
DA:219,0
DA:220,0
DA:226,0
DA:227,0
DA:228,0
DA:229,0
DA:231,0
DA:233,0
DA:243,0
DA:244,0
DA:246,0
DA:248,0
DA:252,0
DA:256,0
DA:257,0
DA:258,0
DA:260,0
DA:269,0
DA:270,0
DA:271,0
DA:273,0
DA:282,0
DA:283,0
DA:284,0
DA:285,0
DA:286,0
DA:287,0
DA:288,0
DA:290,0
DA:303,0
DA:304,0
DA:305,0
DA:310,0
DA:311,0
DA:312,0
DA:313,0
DA:318,0
DA:319,0
DA:335,0
DA:340,0
DA:341,0
DA:342,0
DA:343,0
DA:345,0
DA:347,0
DA:348,0
DA:349,0
DA:350,0
DA:351,0
DA:352,0
DA:355,0
DA:384,0
DA:385,0
DA:386,0
DA:388,0
DA:392,0
DA:393,0
DA:394,0
DA:395,0
DA:397,0
DA:399,0
DA:400,0
DA:401,0
DA:409,0
DA:410,0
DA:413,0
DA:414,0
DA:415,0
DA:416,0
DA:418,0
DA:419,0
DA:420,0
DA:421,0
DA:422,0
DA:423,0
DA:424,0
DA:427,0
DA:457,0
DA:458,0
DA:459,0
DA:461,0
DA:465,0
DA:466,0
DA:467,0
DA:468,0
DA:470,0
DA:472,0
DA:473,0
DA:474,0
DA:475,0
DA:476,0
DA:477,0
DA:479,0
DA:485,0
DA:498,0
DA:510,0
DA:522,0
DA:523,0
DA:524,0
DA:526,0
DA:530,0
DA:531,0
DA:532,0
DA:533,0
DA:535,0
DA:537,0
DA:538,0
DA:540,0
DA:541,0
DA:543,0
DA:544,0
DA:545,0
DA:546,0
DA:547,0
DA:549,0
DA:558,0
DA:575,0
DA:586,0
DA:592,0
DA:598,0
DA:599,0
DA:600,0
DA:602,0
DA:606,0
DA:607,0
DA:609,0
DA:610,0
DA:621,0
DA:635,0
DA:645,0
DA:646,0
DA:647,0
DA:650,0
DA:652,0
DA:682,0
DA:683,0
DA:685,0
DA:689,0
DA:690,0
DA:691,0
DA:702,0
DA:703,0
DA:732,0
DA:733,0
DA:740,0
DA:743,0
DA:744,0
DA:751,0
DA:755,0
DA:756,0
DA:758,0
DA:759,0
DA:760,0
DA:770,0
DA:772,0
DA:776,0
DA:780,0
DA:782,0
DA:800,0
DA:833,0
DA:935,0
DA:936,0
DA:970,0
DA:971,0
DA:973,0
DA:1029,0
LF:254
LH:0
BRDA:136,0,0,0
BRDA:136,0,1,0
BRDA:144,1,0,0
BRDA:144,1,1,0
BRDA:144,2,0,0
BRDA:144,2,1,0
BRDA:163,3,0,0
BRDA:163,3,1,0
BRDA:171,4,0,0
BRDA:171,4,1,0
BRDA:172,5,0,0
BRDA:172,5,1,0
BRDA:203,6,0,0
BRDA:203,6,1,0
BRDA:212,7,0,0
BRDA:212,7,1,0
BRDA:219,8,0,0
BRDA:219,8,1,0
BRDA:288,9,0,0
BRDA:288,9,1,0
BRDA:343,10,0,0
BRDA:343,10,1,0
BRDA:395,11,0,0
BRDA:395,11,1,0
BRDA:400,12,0,0
BRDA:400,12,1,0
BRDA:410,13,0,0
BRDA:410,13,1,0
BRDA:421,14,0,0
BRDA:421,14,1,0
BRDA:421,14,2,0
BRDA:422,15,0,0
BRDA:422,15,1,0
BRDA:468,16,0,0
BRDA:468,16,1,0
BRDA:475,17,0,0
BRDA:475,17,1,0
BRDA:476,18,0,0
BRDA:476,18,1,0
BRDA:477,19,0,0
BRDA:477,19,1,0
BRDA:533,20,0,0
BRDA:533,20,1,0
BRDA:541,21,0,0
BRDA:541,21,1,0
BRDA:547,22,0,0
BRDA:547,22,1,0
BRDA:606,23,0,0
BRDA:609,24,0,0
BRDA:609,24,1,0
BRDA:646,25,0,0
BRDA:646,25,1,0
BRDA:660,26,0,0
BRDA:660,26,1,0
BRDA:673,27,0,0
BRDA:673,27,1,0
BRDA:718,28,0,0
BRDA:718,28,1,0
BRDA:740,29,0,0
BRDA:740,29,1,0
BRDA:751,30,0,0
BRDA:751,30,1,0
BRDA:780,31,0,0
BRDA:780,31,1,0
BRDA:796,32,0,0
BRDA:796,32,1,0
BRDA:798,33,0,0
BRDA:798,33,1,0
BRDA:799,34,0,0
BRDA:799,34,1,0
BRDA:802,35,0,0
BRDA:802,35,1,0
BRDA:843,36,0,0
BRDA:843,36,1,0
BRDA:950,37,0,0
BRDA:950,37,1,0
BRDA:971,38,0,0
BRDA:971,38,1,0
BRDA:979,39,0,0
BRDA:979,39,1,0
BRDA:981,40,0,0
BRDA:981,40,1,0
BRDA:982,41,0,0
BRDA:982,41,1,0
BRF:84
BRH:0
end_of_record
TN:
SF:src/pages/ErrorBoundaryTestPage.tsx
FN:9,(anonymous_1)
FN:12,(anonymous_2)
FN:16,(anonymous_3)
FN:18,(anonymous_4)
FN:19,(anonymous_5)
FN:46,(anonymous_6)
FNF:6
FNH:0
FNDA:0,(anonymous_1)
FNDA:0,(anonymous_2)
FNDA:0,(anonymous_3)
FNDA:0,(anonymous_4)
FNDA:0,(anonymous_5)
FNDA:0,(anonymous_6)
DA:1,0
DA:2,0
DA:3,0
DA:4,0
DA:6,0
DA:9,0
DA:10,0
DA:12,0
DA:13,0
DA:16,0
DA:17,0
DA:18,0
DA:19,0
DA:22,0
DA:30,0
DA:46,0
DA:47,0
DA:70,0
LF:18
LH:0
BRF:0
BRH:0
end_of_record
TN:
SF:src/pages/Leaderboard.tsx
FN:49,(anonymous_7)
FN:51,(anonymous_8)
FN:52,(anonymous_9)
FN:53,(anonymous_10)
FN:54,(anonymous_11)
FN:62,(anonymous_12)
FN:69,(anonymous_13)
FN:84,(anonymous_14)
FN:100,(anonymous_15)
FN:114,(anonymous_16)
FN:135,(anonymous_17)
FN:144,(anonymous_18)
FN:153,(anonymous_19)
FN:166,(anonymous_20)
FN:182,(anonymous_21)
FN:191,(anonymous_22)
FN:192,(anonymous_23)
FN:210,(anonymous_24)
FN:211,(anonymous_25)
FN:227,(anonymous_26)
FN:228,(anonymous_27)
FN:240,(anonymous_28)
FN:246,(anonymous_29)
FN:252,(anonymous_30)
FN:253,(anonymous_31)
FN:263,(anonymous_32)
FN:264,(anonymous_33)
FN:279,(anonymous_34)
FN:288,(anonymous_35)
FN:289,(anonymous_36)
FN:307,(anonymous_37)
FN:308,(anonymous_38)
FN:324,(anonymous_39)
FN:325,(anonymous_40)
FN:337,(anonymous_41)
FN:343,(anonymous_42)
FN:349,(anonymous_43)
FN:350,(anonymous_44)
FN:359,(anonymous_45)
FN:459,(anonymous_46)
FN:461,(anonymous_47)
FN:462,(anonymous_48)
FN:534,(anonymous_49)
FN:542,(anonymous_50)
FN:544,(anonymous_51)
FN:545,(anonymous_52)
FN:566,(anonymous_53)
FNF:47
FNH:0
FNDA:0,(anonymous_7)
FNDA:0,(anonymous_8)
FNDA:0,(anonymous_9)
FNDA:0,(anonymous_10)
FNDA:0,(anonymous_11)
FNDA:0,(anonymous_12)
FNDA:0,(anonymous_13)
FNDA:0,(anonymous_14)
FNDA:0,(anonymous_15)
FNDA:0,(anonymous_16)
FNDA:0,(anonymous_17)
FNDA:0,(anonymous_18)
FNDA:0,(anonymous_19)
FNDA:0,(anonymous_20)
FNDA:0,(anonymous_21)
FNDA:0,(anonymous_22)
FNDA:0,(anonymous_23)
FNDA:0,(anonymous_24)
FNDA:0,(anonymous_25)
FNDA:0,(anonymous_26)
FNDA:0,(anonymous_27)
FNDA:0,(anonymous_28)
FNDA:0,(anonymous_29)
FNDA:0,(anonymous_30)
FNDA:0,(anonymous_31)
FNDA:0,(anonymous_32)
FNDA:0,(anonymous_33)
FNDA:0,(anonymous_34)
FNDA:0,(anonymous_35)
FNDA:0,(anonymous_36)
FNDA:0,(anonymous_37)
FNDA:0,(anonymous_38)
FNDA:0,(anonymous_39)
FNDA:0,(anonymous_40)
FNDA:0,(anonymous_41)
FNDA:0,(anonymous_42)
FNDA:0,(anonymous_43)
FNDA:0,(anonymous_44)
FNDA:0,(anonymous_45)
FNDA:0,(anonymous_46)
FNDA:0,(anonymous_47)
FNDA:0,(anonymous_48)
FNDA:0,(anonymous_49)
FNDA:0,(anonymous_50)
FNDA:0,(anonymous_51)
FNDA:0,(anonymous_52)
FNDA:0,(anonymous_53)
DA:1,0
DA:2,0
DA:21,0
DA:34,0
DA:35,0
DA:37,0
DA:38,0
DA:39,0
DA:40,0
DA:42,0
DA:44,0
DA:45,0
DA:46,0
DA:47,0
DA:49,0
DA:50,0
DA:51,0
DA:52,0
DA:53,0
DA:54,0
DA:56,0
DA:57,0
DA:58,0
DA:59,0
DA:60,0
DA:62,0
DA:63,0
DA:64,0
DA:65,0
DA:66,0
DA:69,0
DA:70,0
DA:71,0
DA:77,0
DA:79,0
DA:84,0
DA:87,0
DA:88,0
DA:89,0
DA:90,0
DA:96,0
DA:100,0
DA:101,0
DA:103,0
DA:114,0
DA:135,0
DA:144,0
DA:153,0
DA:154,0
DA:155,0
DA:156,0
DA:157,0
DA:158,0
DA:159,0
DA:161,0
DA:166,0
DA:167,0
DA:168,0
DA:169,0
DA:170,0
DA:172,0
DA:177,0
DA:183,0
DA:192,0
DA:193,0
DA:195,0
DA:210,0
DA:212,0
DA:227,0
DA:229,0
DA:240,0
DA:246,0
DA:252,0
DA:254,0
DA:263,0
DA:265,0
DA:274,0
DA:280,0
DA:289,0
DA:290,0
DA:292,0
DA:307,0
DA:309,0
DA:324,0
DA:326,0
DA:337,0
DA:343,0
DA:349,0
DA:351,0
DA:359,0
DA:360,0
DA:363,0
DA:365,0
DA:460,0
DA:461,0
DA:462,0
DA:464,0
DA:466,0
DA:534,0
DA:543,0
DA:544,0
DA:545,0
DA:547,0
DA:549,0
DA:566,0
DA:585,0
LF:106
LH:0
BRDA:154,0,0,0
BRDA:154,0,1,0
BRDA:156,1,0,0
BRDA:156,1,1,0
BRDA:158,2,0,0
BRDA:158,2,1,0
BRDA:167,3,0,0
BRDA:167,3,1,0
BRDA:169,4,0,0
BRDA:169,4,1,0
BRDA:193,5,0,0
BRDA:193,5,1,0
BRDA:217,6,0,0
BRDA:217,6,1,0
BRDA:217,7,0,0
BRDA:217,7,1,0
BRDA:217,8,0,0
BRDA:217,8,1,0
BRDA:254,9,0,0
BRDA:254,9,1,0
BRDA:254,10,0,0
BRDA:254,10,1,0
BRDA:290,11,0,0
BRDA:290,11,1,0
BRDA:314,12,0,0
BRDA:314,12,1,0
BRDA:314,13,0,0
BRDA:314,13,1,0
BRDA:314,14,0,0
BRDA:314,14,1,0
BRDA:351,15,0,0
BRDA:351,15,1,0
BRDA:351,16,0,0
BRDA:351,16,1,0
BRDA:451,17,0,0
BRDA:451,17,1,0
BRDA:455,18,0,0
BRDA:455,18,1,0
BRDA:460,19,0,0
BRDA:460,19,1,0
BRDA:464,20,0,0
BRDA:464,20,1,0
BRDA:468,21,0,0
BRDA:468,21,1,0
BRDA:469,22,0,0
BRDA:469,22,1,0
BRDA:473,23,0,0
BRDA:473,23,1,0
BRDA:474,24,0,0
BRDA:474,24,1,0
BRDA:475,25,0,0
BRDA:475,25,1,0
BRDA:479,26,0,0
BRDA:479,26,1,0
BRDA:488,27,0,0
BRDA:488,27,1,0
BRDA:494,28,0,0
BRDA:494,28,1,0
BRDA:494,29,0,0
BRDA:494,29,1,0
BRDA:526,30,0,0
BRDA:526,30,1,0
BRDA:543,31,0,0
BRDA:543,31,1,0
BRDA:547,32,0,0
BRDA:547,32,1,0
BRDA:554,33,0,0
BRDA:554,33,1,0
BRDA:560,34,0,0
BRDA:560,34,1,0
BRDA:562,35,0,0
BRDA:562,35,1,0
BRDA:562,36,0,0
BRDA:562,36,1,0
BRF:74
BRH:0
end_of_record
TN:
SF:src/pages/PerformanceAnalysis.tsx
FN:44,(anonymous_7)
FN:52,(anonymous_8)
FN:53,(anonymous_9)
FN:54,(anonymous_10)
FN:62,(anonymous_11)
FN:72,(anonymous_12)
FN:76,(anonymous_13)
FN:81,(anonymous_14)
FN:89,(anonymous_15)
FN:109,(anonymous_16)
FN:113,(anonymous_17)
FN:117,(anonymous_18)
FN:128,(anonymous_19)
FN:139,(anonymous_20)
FN:140,(anonymous_21)
FN:141,(anonymous_22)
FN:142,(anonymous_23)
FN:143,(anonymous_24)
FN:159,(anonymous_25)
FN:167,(anonymous_26)
FN:169,(anonymous_27)
FN:204,(anonymous_28)
FN:206,(anonymous_29)
FN:207,(anonymous_30)
FN:218,(anonymous_31)
FN:220,(anonymous_32)
FN:222,(anonymous_33)
FN:224,(anonymous_34)
FN:242,(anonymous_35)
FN:282,(anonymous_36)
FN:301,(anonymous_37)
FN:303,(anonymous_38)
FN:319,(anonymous_39)
FN:320,(anonymous_40)
FN:336,(anonymous_41)
FN:337,(anonymous_42)
FN:343,(anonymous_43)
FN:349,(anonymous_44)
FN:355,(anonymous_45)
FN:361,(anonymous_46)
FN:362,(anonymous_47)
FN:368,(anonymous_48)
FN:369,(anonymous_49)
FN:379,(anonymous_50)
FN:380,(anonymous_51)
FN:541,(anonymous_52)
FN:548,(anonymous_53)
FNF:47
FNH:0
FNDA:0,(anonymous_7)
FNDA:0,(anonymous_8)
FNDA:0,(anonymous_9)
FNDA:0,(anonymous_10)
FNDA:0,(anonymous_11)
FNDA:0,(anonymous_12)
FNDA:0,(anonymous_13)
FNDA:0,(anonymous_14)
FNDA:0,(anonymous_15)
FNDA:0,(anonymous_16)
FNDA:0,(anonymous_17)
FNDA:0,(anonymous_18)
FNDA:0,(anonymous_19)
FNDA:0,(anonymous_20)
FNDA:0,(anonymous_21)
FNDA:0,(anonymous_22)
FNDA:0,(anonymous_23)
FNDA:0,(anonymous_24)
FNDA:0,(anonymous_25)
FNDA:0,(anonymous_26)
FNDA:0,(anonymous_27)
FNDA:0,(anonymous_28)
FNDA:0,(anonymous_29)
FNDA:0,(anonymous_30)
FNDA:0,(anonymous_31)
FNDA:0,(anonymous_32)
FNDA:0,(anonymous_33)
FNDA:0,(anonymous_34)
FNDA:0,(anonymous_35)
FNDA:0,(anonymous_36)
FNDA:0,(anonymous_37)
FNDA:0,(anonymous_38)
FNDA:0,(anonymous_39)
FNDA:0,(anonymous_40)
FNDA:0,(anonymous_41)
FNDA:0,(anonymous_42)
FNDA:0,(anonymous_43)
FNDA:0,(anonymous_44)
FNDA:0,(anonymous_45)
FNDA:0,(anonymous_46)
FNDA:0,(anonymous_47)
FNDA:0,(anonymous_48)
FNDA:0,(anonymous_49)
FNDA:0,(anonymous_50)
FNDA:0,(anonymous_51)
FNDA:0,(anonymous_52)
FNDA:0,(anonymous_53)
DA:1,0
DA:2,0
DA:19,0
DA:28,0
DA:29,0
DA:30,0
DA:35,0
DA:36,0
DA:38,0
DA:40,0
DA:41,0
DA:42,0
DA:44,0
DA:45,0
DA:52,0
DA:53,0
DA:54,0
DA:56,0
DA:57,0
DA:58,0
DA:59,0
DA:60,0
DA:62,0
DA:63,0
DA:64,0
DA:65,0
DA:72,0
DA:75,0
DA:76,0
DA:77,0
DA:81,0
DA:82,0
DA:83,0
DA:89,0
DA:90,0
DA:91,0
DA:92,0
DA:100,0
DA:102,0
DA:104,0
DA:109,0
DA:110,0
DA:112,0
DA:113,0
DA:116,0
DA:117,0
DA:118,0
DA:122,0
DA:125,0
DA:128,0
DA:129,0
DA:130,0
DA:139,0
DA:140,0
DA:141,0
DA:142,0
DA:143,0
DA:144,0
DA:147,0
DA:156,0
DA:159,0
DA:160,0
DA:167,0
DA:170,0
DA:174,0
DA:204,0
DA:205,0
DA:206,0
DA:208,0
DA:209,0
DA:210,0
DA:212,0
DA:213,0
DA:214,0
DA:217,0
DA:218,0
DA:219,0
DA:220,0
DA:222,0
DA:223,0
DA:224,0
DA:227,0
DA:242,0
DA:277,0
DA:283,0
DA:302,0
DA:303,0
DA:304,0
DA:311,0
DA:319,0
DA:321,0
DA:336,0
DA:337,0
DA:343,0
DA:349,0
DA:355,0
DA:361,0
DA:362,0
DA:368,0
DA:370,0
DA:379,0
DA:380,0
DA:384,0
DA:541,0
DA:548,0
DA:557,0
LF:106
LH:0
BRDA:75,0,0,0
BRDA:75,0,1,0
BRDA:75,1,0,0
BRDA:75,1,1,0
BRDA:82,2,0,0
BRDA:82,2,1,0
BRDA:91,3,0,0
BRDA:91,3,1,0
BRDA:112,4,0,0
BRDA:112,4,1,0
BRDA:116,5,0,0
BRDA:116,5,1,0
BRDA:118,6,0,0
BRDA:118,6,1,0
BRDA:129,7,0,0
BRDA:129,7,1,0
BRDA:144,8,0,0
BRDA:144,8,1,0
BRDA:170,9,0,0
BRDA:170,9,1,0
BRDA:209,10,0,0
BRDA:209,10,1,0
BRDA:284,11,0,0
BRDA:284,11,1,0
BRDA:286,12,0,0
BRDA:286,12,1,0
BRDA:287,13,0,0
BRDA:287,13,1,0
BRDA:299,14,0,0
BRDA:299,14,1,0
BRDA:302,15,0,0
BRDA:302,15,1,0
BRDA:304,16,0,0
BRDA:304,16,1,0
BRDA:326,17,0,0
BRDA:326,17,1,0
BRDA:326,18,0,0
BRDA:326,18,1,0
BRDA:326,19,0,0
BRDA:326,19,1,0
BRDA:370,20,0,0
BRDA:370,20,1,0
BRDA:370,21,0,0
BRDA:370,21,1,0
BRDA:455,22,0,0
BRDA:455,22,1,0
BRF:46
BRH:0
end_of_record
TN:
SF:src/pages/PerformanceTest.ts
FN:204,(anonymous_0)
FN:207,(anonymous_1)
FN:214,(anonymous_2)
FN:233,(anonymous_3)
FN:251,(anonymous_4)
FN:253,(anonymous_5)
FN:255,(anonymous_6)
FN:256,(anonymous_7)
FN:268,(anonymous_8)
FN:279,(anonymous_9)
FN:297,(anonymous_10)
FN:311,(anonymous_11)
FN:315,(anonymous_12)
FN:322,(anonymous_13)
FN:326,(anonymous_14)
FN:346,(anonymous_15)
FN:348,(anonymous_16)
FN:351,(anonymous_17)
FN:355,(anonymous_18)
FNF:19
FNH:0
FNDA:0,(anonymous_0)
FNDA:0,(anonymous_1)
FNDA:0,(anonymous_2)
FNDA:0,(anonymous_3)
FNDA:0,(anonymous_4)
FNDA:0,(anonymous_5)
FNDA:0,(anonymous_6)
FNDA:0,(anonymous_7)
FNDA:0,(anonymous_8)
FNDA:0,(anonymous_9)
FNDA:0,(anonymous_10)
FNDA:0,(anonymous_11)
FNDA:0,(anonymous_12)
FNDA:0,(anonymous_13)
FNDA:0,(anonymous_14)
FNDA:0,(anonymous_15)
FNDA:0,(anonymous_16)
FNDA:0,(anonymous_17)
FNDA:0,(anonymous_18)
DA:13,0
DA:35,0
DA:57,0
DA:79,0
DA:101,0
DA:123,0
DA:145,0
DA:167,0
DA:204,0
DA:205,0
DA:208,0
DA:209,0
DA:214,0
DA:216,0
DA:217,0
DA:219,0
DA:229,0
DA:230,0
DA:234,0
DA:244,0
DA:245,0
DA:248,0
DA:252,0
DA:253,0
DA:254,0
DA:255,0
DA:256,0
DA:258,0
DA:269,0
DA:270,0
DA:271,0
DA:272,0
DA:273,0
DA:274,0
DA:275,0
DA:276,0
DA:278,0
DA:279,0
DA:280,0
DA:281,0
DA:282,0
DA:283,0
DA:284,0
DA:285,0
DA:286,0
DA:287,0
DA:289,0
DA:292,0
DA:297,0
DA:298,0
DA:299,0
DA:301,0
DA:302,0
DA:304,0
DA:305,0
DA:307,0
DA:311,0
DA:313,0
DA:316,0
DA:317,0
DA:319,0
DA:323,0
DA:327,0
DA:328,0
DA:330,0
DA:331,0
DA:333,0
DA:334,0
DA:336,0
DA:339,0
DA:340,0
DA:341,0
DA:343,0
DA:347,0
DA:348,0
DA:352,0
DA:356,0
DA:357,0
DA:359,0
DA:365,0
DA:368,0
LF:81
LH:0
BRDA:209,0,0,0
BRDA:209,0,1,0
BRDA:217,1,0,0
BRDA:217,1,1,0
BRDA:285,2,0,0
BRDA:285,2,1,0
BRDA:286,3,0,0
BRDA:286,3,1,0
BRDA:316,4,0,0
BRDA:316,4,1,0
BRDA:333,5,0,0
BRDA:333,5,1,0
BRDA:347,6,0,0
BRDA:347,6,1,0
BRDA:348,7,0,0
BRDA:348,7,1,0
BRDA:352,8,0,0
BRDA:352,8,1,0
BRDA:356,9,0,0
BRDA:356,9,1,0
BRF:20
BRH:0
end_of_record
TN:
SF:src/pages/ResourceBooking.tsx
FN:58,(anonymous_7)
FN:60,(anonymous_8)
FN:61,(anonymous_9)
FN:73,(anonymous_10)
FN:80,(anonymous_11)
FN:97,(anonymous_12)
FN:103,(anonymous_13)
FN:113,(anonymous_14)
FN:137,(anonymous_15)
FN:146,(anonymous_16)
FN:161,(anonymous_17)
FN:172,(anonymous_18)
FN:186,(anonymous_19)
FN:192,(anonymous_20)
FN:198,(anonymous_21)
FN:207,(anonymous_22)
FN:212,(anonymous_23)
FN:216,(anonymous_24)
FN:237,(anonymous_25)
FN:248,(anonymous_26)
FN:249,(anonymous_27)
FN:257,(anonymous_28)
FN:258,(anonymous_29)
FN:270,(anonymous_30)
FN:285,(anonymous_31)
FN:298,(anonymous_32)
FN:303,(anonymous_33)
FN:307,(anonymous_34)
FN:323,(anonymous_35)
FN:324,(anonymous_36)
FN:330,(anonymous_37)
FN:332,(anonymous_38)
FN:398,(anonymous_39)
FN:417,(anonymous_40)
FN:433,(anonymous_41)
FN:452,(anonymous_42)
FN:483,(anonymous_43)
FN:557,(anonymous_44)
FN:572,(anonymous_45)
FN:608,(anonymous_46)
FN:608,(anonymous_47)
FN:623,(anonymous_48)
FN:623,(anonymous_49)
FN:660,(anonymous_50)
FNF:44
FNH:0
FNDA:0,(anonymous_7)
FNDA:0,(anonymous_8)
FNDA:0,(anonymous_9)
FNDA:0,(anonymous_10)
FNDA:0,(anonymous_11)
FNDA:0,(anonymous_12)
FNDA:0,(anonymous_13)
FNDA:0,(anonymous_14)
FNDA:0,(anonymous_15)
FNDA:0,(anonymous_16)
FNDA:0,(anonymous_17)
FNDA:0,(anonymous_18)
FNDA:0,(anonymous_19)
FNDA:0,(anonymous_20)
FNDA:0,(anonymous_21)
FNDA:0,(anonymous_22)
FNDA:0,(anonymous_23)
FNDA:0,(anonymous_24)
FNDA:0,(anonymous_25)
FNDA:0,(anonymous_26)
FNDA:0,(anonymous_27)
FNDA:0,(anonymous_28)
FNDA:0,(anonymous_29)
FNDA:0,(anonymous_30)
FNDA:0,(anonymous_31)
FNDA:0,(anonymous_32)
FNDA:0,(anonymous_33)
FNDA:0,(anonymous_34)
FNDA:0,(anonymous_35)
FNDA:0,(anonymous_36)
FNDA:0,(anonymous_37)
FNDA:0,(anonymous_38)
FNDA:0,(anonymous_39)
FNDA:0,(anonymous_40)
FNDA:0,(anonymous_41)
FNDA:0,(anonymous_42)
FNDA:0,(anonymous_43)
FNDA:0,(anonymous_44)
FNDA:0,(anonymous_45)
FNDA:0,(anonymous_46)
FNDA:0,(anonymous_47)
FNDA:0,(anonymous_48)
FNDA:0,(anonymous_49)
FNDA:0,(anonymous_50)
DA:1,0
DA:2,0
DA:25,0
DA:36,0
DA:37,0
DA:43,0
DA:49,0
DA:50,0
DA:51,0
DA:53,0
DA:54,0
DA:55,0
DA:56,0
DA:58,0
DA:59,0
DA:60,0
DA:61,0
DA:63,0
DA:64,0
DA:65,0
DA:66,0
DA:67,0
DA:68,0
DA:70,0
DA:71,0
DA:73,0
DA:74,0
DA:75,0
DA:76,0
DA:80,0
DA:81,0
DA:82,0
DA:83,0
DA:84,0
DA:86,0
DA:87,0
DA:89,0
DA:90,0
DA:91,0
DA:93,0
DA:97,0
DA:98,0
DA:99,0
DA:100,0
DA:103,0
DA:104,0
DA:105,0
DA:106,0
DA:108,0
DA:113,0
DA:114,0
DA:115,0
DA:120,0
DA:122,0
DA:123,0
DA:124,0
DA:126,0
DA:127,0
DA:129,0
DA:130,0
DA:131,0
DA:133,0
DA:137,0
DA:138,0
DA:139,0
DA:143,0
DA:146,0
DA:147,0
DA:148,0
DA:149,0
DA:151,0
DA:156,0
DA:162,0
DA:173,0
DA:178,0
DA:179,0
DA:186,0
DA:192,0
DA:199,0
DA:208,0
DA:212,0
DA:216,0
DA:232,0
DA:238,0
DA:249,0
DA:250,0
DA:258,0
DA:259,0
DA:271,0
DA:286,0
DA:291,0
DA:292,0
DA:299,0
DA:303,0
DA:307,0
DA:323,0
DA:324,0
DA:328,0
DA:330,0
DA:332,0
DA:335,0
DA:399,0
DA:400,0
DA:401,0
DA:417,0
DA:434,0
DA:435,0
DA:436,0
DA:452,0
DA:484,0
DA:485,0
DA:486,0
DA:557,0
DA:573,0
DA:574,0
DA:575,0
DA:608,0
DA:609,0
DA:623,0
DA:624,0
DA:660,0
DA:674,0
LF:122
LH:0
BRDA:82,0,0,0
BRDA:82,0,1,0
BRDA:122,1,0,0
BRDA:122,1,1,0
BRDA:178,2,0,0
BRDA:178,2,1,0
BRDA:186,3,0,0
BRDA:186,3,1,0
BRDA:192,4,0,0
BRDA:192,4,1,0
BRDA:199,5,0,0
BRDA:199,5,1,0
BRDA:199,6,0,0
BRDA:199,6,1,0
BRDA:200,7,0,0
BRDA:200,7,1,0
BRDA:250,8,0,0
BRDA:250,8,1,0
BRDA:259,9,0,0
BRDA:259,9,1,0
BRDA:481,10,0,0
BRDA:481,10,1,0
BRDA:561,11,0,0
BRDA:561,11,1,0
BRDA:570,12,0,0
BRDA:570,12,1,0
BRDA:664,13,0,0
BRDA:664,13,1,0
BRF:28
BRH:0
end_of_record
TN:
SF:src/pages/TaskBoardPage.tsx
FN:11,(anonymous_7)
FN:24,(anonymous_8)
FN:25,(anonymous_9)
FN:32,(anonymous_10)
FN:38,(anonymous_11)
FN:61,(anonymous_12)
FN:77,(anonymous_13)
FN:91,(anonymous_14)
FN:110,(anonymous_15)
FN:117,(anonymous_16)
FN:124,(anonymous_17)
FN:131,(anonymous_18)
FNF:12
FNH:0
FNDA:0,(anonymous_7)
FNDA:0,(anonymous_8)
FNDA:0,(anonymous_9)
FNDA:0,(anonymous_10)
FNDA:0,(anonymous_11)
FNDA:0,(anonymous_12)
FNDA:0,(anonymous_13)
FNDA:0,(anonymous_14)
FNDA:0,(anonymous_15)
FNDA:0,(anonymous_16)
FNDA:0,(anonymous_17)
FNDA:0,(anonymous_18)
DA:1,0
DA:2,0
DA:3,0
DA:5,0
DA:7,0
DA:8,0
DA:9,0
DA:11,0
DA:12,0
DA:24,0
DA:25,0
DA:32,0
DA:33,0
DA:38,0
DA:39,0
DA:43,0
DA:62,0
DA:63,0
DA:64,0
DA:77,0
DA:91,0
DA:110,0
DA:117,0
DA:124,0
DA:131,0
DA:177,0
LF:26
LH:0
BRDA:62,0,0,0
BRDA:62,0,1,0
BRF:2
BRH:0
end_of_record
TN:
SF:src/pages/TeamManagement.tsx
FN:54,(anonymous_6)
FN:56,(anonymous_7)
FN:57,(anonymous_8)
FN:74,(anonymous_9)
FN:75,(anonymous_10)
FN:99,(anonymous_11)
FN:119,(anonymous_12)
FN:125,(anonymous_13)
FN:138,(anonymous_14)
FN:158,(anonymous_15)
FN:164,(anonymous_16)
FN:182,(anonymous_17)
FN:196,(anonymous_18)
FN:202,(anonymous_19)
FN:203,(anonymous_20)
FN:211,(anonymous_21)
FN:220,(anonymous_22)
FN:225,(anonymous_23)
FN:229,(anonymous_24)
FN:250,(anonymous_25)
FN:260,(anonymous_26)
FN:265,(anonymous_27)
FN:271,(anonymous_28)
FN:279,(anonymous_29)
FN:284,(anonymous_30)
FN:288,(anonymous_31)
FN:317,(anonymous_32)
FN:361,(anonymous_33)
FN:391,(anonymous_34)
FN:410,(anonymous_35)
FN:426,(anonymous_36)
FN:445,(anonymous_37)
FN:477,(anonymous_38)
FN:535,(anonymous_39)
FN:556,(anonymous_40)
FN:571,(anonymous_41)
FN:613,(anonymous_42)
FNF:37
FNH:0
FNDA:0,(anonymous_6)
FNDA:0,(anonymous_7)
FNDA:0,(anonymous_8)
FNDA:0,(anonymous_9)
FNDA:0,(anonymous_10)
FNDA:0,(anonymous_11)
FNDA:0,(anonymous_12)
FNDA:0,(anonymous_13)
FNDA:0,(anonymous_14)
FNDA:0,(anonymous_15)
FNDA:0,(anonymous_16)
FNDA:0,(anonymous_17)
FNDA:0,(anonymous_18)
FNDA:0,(anonymous_19)
FNDA:0,(anonymous_20)
FNDA:0,(anonymous_21)
FNDA:0,(anonymous_22)
FNDA:0,(anonymous_23)
FNDA:0,(anonymous_24)
FNDA:0,(anonymous_25)
FNDA:0,(anonymous_26)
FNDA:0,(anonymous_27)
FNDA:0,(anonymous_28)
FNDA:0,(anonymous_29)
FNDA:0,(anonymous_30)
FNDA:0,(anonymous_31)
FNDA:0,(anonymous_32)
FNDA:0,(anonymous_33)
FNDA:0,(anonymous_34)
FNDA:0,(anonymous_35)
FNDA:0,(anonymous_36)
FNDA:0,(anonymous_37)
FNDA:0,(anonymous_38)
FNDA:0,(anonymous_39)
FNDA:0,(anonymous_40)
FNDA:0,(anonymous_41)
FNDA:0,(anonymous_42)
DA:1,0
DA:2,0
DA:22,0
DA:31,0
DA:32,0
DA:38,0
DA:47,0
DA:48,0
DA:50,0
DA:51,0
DA:52,0
DA:54,0
DA:55,0
DA:56,0
DA:57,0
DA:60,0
DA:61,0
DA:62,0
DA:64,0
DA:65,0
DA:66,0
DA:67,0
DA:68,0
DA:69,0
DA:71,0
DA:72,0
DA:74,0
DA:75,0
DA:76,0
DA:77,0
DA:78,0
DA:80,0
DA:81,0
DA:86,0
DA:87,0
DA:89,0
DA:90,0
DA:91,0
DA:95,0
DA:99,0
DA:100,0
DA:101,0
DA:102,0
DA:103,0
DA:104,0
DA:106,0
DA:107,0
DA:109,0
DA:110,0
DA:111,0
DA:113,0
DA:115,0
DA:119,0
DA:120,0
DA:121,0
DA:122,0
DA:125,0
DA:126,0
DA:127,0
DA:128,0
DA:129,0
DA:131,0
DA:133,0
DA:138,0
DA:139,0
DA:140,0
DA:141,0
DA:142,0
DA:143,0
DA:145,0
DA:146,0
DA:148,0
DA:149,0
DA:150,0
DA:152,0
DA:154,0
DA:158,0
DA:159,0
DA:160,0
DA:161,0
DA:164,0
DA:165,0
DA:166,0
DA:167,0
DA:168,0
DA:170,0
DA:172,0
DA:177,0
DA:183,0
DA:196,0
DA:203,0
DA:204,0
DA:212,0
DA:221,0
DA:225,0
DA:229,0
DA:245,0
DA:251,0
DA:260,0
DA:265,0
DA:273,0
DA:280,0
DA:284,0
DA:288,0
DA:304,0
DA:306,0
DA:307,0
DA:318,0
DA:338,0
DA:361,0
DA:392,0
DA:393,0
DA:394,0
DA:410,0
DA:427,0
DA:428,0
DA:429,0
DA:445,0
DA:478,0
DA:479,0
DA:480,0
DA:536,0
DA:556,0
DA:572,0
DA:573,0
DA:574,0
DA:613,0
DA:627,0
LF:128
LH:0
BRDA:102,0,0,0
BRDA:102,0,1,0
BRDA:141,1,0,0
BRDA:141,1,1,0
BRDA:204,2,0,0
BRDA:204,2,1,0
BRDA:212,3,0,0
BRDA:212,3,1,0
BRDA:213,4,0,0
BRDA:213,4,1,0
BRDA:273,5,0,0
BRDA:273,5,1,0
BRDA:304,6,0,0
BRDA:304,6,1,0
BRDA:304,6,2,0
BRDA:304,6,3,0
BRDA:304,6,4,0
BRDA:306,7,0,0
BRDA:306,7,1,0
BRDA:475,8,0,0
BRDA:475,8,1,0
BRDA:560,9,0,0
BRDA:560,9,1,0
BRDA:569,10,0,0
BRDA:569,10,1,0
BRDA:617,11,0,0
BRDA:617,11,1,0
BRF:27
BRH:0
end_of_record
TN:
SF:src/services/dataImportExportService.ts
FN:50,(anonymous_1)
FN:93,(anonymous_2)
FN:94,(anonymous_3)
FN:97,(anonymous_4)
FN:114,(anonymous_5)
FN:120,(anonymous_6)
FN:121,(anonymous_7)
FN:125,(anonymous_8)
FN:133,(anonymous_9)
FN:141,(anonymous_10)
FN:154,(anonymous_11)
FN:165,(anonymous_12)
FN:196,(anonymous_13)
FN:206,(anonymous_14)
FN:225,(anonymous_15)
FN:238,(anonymous_16)
FN:248,(anonymous_17)
FN:259,(anonymous_18)
FN:273,(anonymous_19)
FN:281,(anonymous_20)
FN:287,(anonymous_21)
FN:291,(anonymous_22)
FN:296,(anonymous_23)
FN:308,(anonymous_24)
FN:318,(anonymous_25)
FN:330,(anonymous_26)
FN:341,(anonymous_27)
FN:351,(anonymous_28)
FN:383,(anonymous_29)
FN:405,(anonymous_30)
FN:433,(anonymous_31)
FN:461,(anonymous_32)
FN:489,(anonymous_33)
FN:517,(anonymous_34)
FN:545,(anonymous_35)
FN:573,(anonymous_36)
FN:605,(anonymous_37)
FN:618,(anonymous_38)
FN:625,(anonymous_39)
FN:649,(anonymous_40)
FN:673,(anonymous_41)
FN:697,(anonymous_42)
FN:721,(anonymous_43)
FN:745,(anonymous_44)
FN:780,(anonymous_45)
FN:851,(anonymous_46)
FNF:46
FNH:0
FNDA:0,(anonymous_1)
FNDA:0,(anonymous_2)
FNDA:0,(anonymous_3)
FNDA:0,(anonymous_4)
FNDA:0,(anonymous_5)
FNDA:0,(anonymous_6)
FNDA:0,(anonymous_7)
FNDA:0,(anonymous_8)
FNDA:0,(anonymous_9)
FNDA:0,(anonymous_10)
FNDA:0,(anonymous_11)
FNDA:0,(anonymous_12)
FNDA:0,(anonymous_13)
FNDA:0,(anonymous_14)
FNDA:0,(anonymous_15)
FNDA:0,(anonymous_16)
FNDA:0,(anonymous_17)
FNDA:0,(anonymous_18)
FNDA:0,(anonymous_19)
FNDA:0,(anonymous_20)
FNDA:0,(anonymous_21)
FNDA:0,(anonymous_22)
FNDA:0,(anonymous_23)
FNDA:0,(anonymous_24)
FNDA:0,(anonymous_25)
FNDA:0,(anonymous_26)
FNDA:0,(anonymous_27)
FNDA:0,(anonymous_28)
FNDA:0,(anonymous_29)
FNDA:0,(anonymous_30)
FNDA:0,(anonymous_31)
FNDA:0,(anonymous_32)
FNDA:0,(anonymous_33)
FNDA:0,(anonymous_34)
FNDA:0,(anonymous_35)
FNDA:0,(anonymous_36)
FNDA:0,(anonymous_37)
FNDA:0,(anonymous_38)
FNDA:0,(anonymous_39)
FNDA:0,(anonymous_40)
FNDA:0,(anonymous_41)
FNDA:0,(anonymous_42)
FNDA:0,(anonymous_43)
FNDA:0,(anonymous_44)
FNDA:0,(anonymous_45)
FNDA:0,(anonymous_46)
DA:1,0
DA:2,0
DA:15,0
DA:16,0
DA:17,0
DA:18,0
DA:19,0
DA:20,0
DA:51,0
DA:65,0
DA:66,0
DA:68,0
DA:69,0
DA:70,0
DA:71,0
DA:72,0
DA:73,0
DA:75,0
DA:80,0
DA:83,0
DA:88,0
DA:94,0
DA:95,0
DA:97,0
DA:98,0
DA:99,0
DA:100,0
DA:103,0
DA:104,0
DA:105,0
DA:108,0
DA:110,0
DA:114,0
DA:115,0
DA:121,0
DA:122,0
DA:126,0
DA:127,0
DA:128,0
DA:130,0
DA:134,0
DA:142,0
DA:144,0
DA:145,0
DA:146,0
DA:150,0
DA:155,0
DA:165,0
DA:166,0
DA:167,0
DA:169,0
DA:170,0
DA:172,0
DA:173,0
DA:175,0
DA:176,0
DA:178,0
DA:179,0
DA:181,0
DA:182,0
DA:184,0
DA:185,0
DA:188,0
DA:192,0
DA:197,0
DA:207,0
DA:226,0
DA:239,0
DA:249,0
DA:260,0
DA:274,0
DA:275,0
DA:276,0
DA:278,0
DA:282,0
DA:283,0
DA:284,0
DA:288,0
DA:289,0
DA:290,0
DA:291,0
DA:293,0
DA:297,0
DA:305,0
DA:309,0
DA:315,0
DA:319,0
DA:327,0
DA:331,0
DA:338,0
DA:342,0
DA:347,0
DA:352,0
DA:366,0
DA:368,0
DA:370,0
DA:372,0
DA:379,0
DA:396,0
DA:397,0
DA:398,0
DA:399,0
DA:400,0
DA:401,0
DA:406,0
DA:407,0
DA:408,0
DA:409,0
DA:410,0
DA:416,0
DA:419,0
DA:420,0
DA:422,0
DA:434,0
DA:435,0
DA:436,0
DA:437,0
DA:438,0
DA:444,0
DA:447,0
DA:448,0
DA:450,0
DA:462,0
DA:463,0
DA:464,0
DA:465,0
DA:466,0
DA:472,0
DA:475,0
DA:476,0
DA:478,0
DA:490,0
DA:491,0
DA:492,0
DA:493,0
DA:494,0
DA:500,0
DA:503,0
DA:504,0
DA:506,0
DA:518,0
DA:519,0
DA:520,0
DA:521,0
DA:522,0
DA:528,0
DA:531,0
DA:532,0
DA:534,0
DA:546,0
DA:547,0
DA:548,0
DA:549,0
DA:550,0
DA:556,0
DA:559,0
DA:560,0
DA:562,0
DA:574,0
DA:576,0
DA:585,0
DA:594,0
DA:595,0
DA:597,0
DA:600,0
DA:606,0
DA:607,0
DA:609,0
DA:619,0
DA:622,0
DA:625,0
DA:626,0
DA:649,0
DA:650,0
DA:673,0
DA:674,0
DA:697,0
DA:698,0
DA:721,0
DA:722,0
DA:745,0
DA:746,0
DA:768,0
DA:769,0
DA:771,0
DA:781,0
DA:826,0
DA:827,0
DA:834,0
DA:842,0
DA:852,0
DA:853,0
DA:854,0
DA:855,0
DA:856,0
DA:857,0
DA:858,0
DA:859,0
DA:860,0
DA:864,0
LF:200
LH:0
BRDA:50,0,0,0
BRDA:68,1,0,0
BRDA:68,1,1,0
BRDA:71,2,0,0
BRDA:71,2,1,0
BRDA:86,3,0,0
BRDA:86,3,1,0
BRDA:103,4,0,0
BRDA:103,4,1,0
BRDA:110,5,0,0
BRDA:110,5,1,0
BRDA:130,6,0,0
BRDA:130,6,1,0
BRDA:145,7,0,0
BRDA:145,7,1,0
BRDA:167,8,0,0
BRDA:167,8,1,0
BRDA:167,8,2,0
BRDA:167,8,3,0
BRDA:167,8,4,0
BRDA:167,8,5,0
BRDA:198,9,0,0
BRDA:198,9,1,0
BRDA:198,9,2,0
BRDA:199,10,0,0
BRDA:199,10,1,0
BRDA:199,10,2,0
BRDA:200,11,0,0
BRDA:200,11,1,0
BRDA:200,11,2,0
BRDA:201,12,0,0
BRDA:201,12,1,0
BRDA:201,12,2,0
BRDA:202,13,0,0
BRDA:202,13,1,0
BRDA:202,13,2,0
BRDA:208,14,0,0
BRDA:208,14,1,0
BRDA:208,14,2,0
BRDA:209,15,0,0
BRDA:209,15,1,0
BRDA:209,15,2,0
BRDA:210,16,0,0
BRDA:210,16,1,0
BRDA:210,16,2,0
BRDA:211,17,0,0
BRDA:211,17,1,0
BRDA:211,17,2,0
BRDA:212,18,0,0
BRDA:212,18,1,0
BRDA:212,18,2,0
BRDA:213,19,0,0
BRDA:213,19,1,0
BRDA:213,19,2,0
BRDA:214,20,0,0
BRDA:214,20,1,0
BRDA:214,20,2,0
BRDA:215,21,0,0
BRDA:215,21,1,0
BRDA:215,21,2,0
BRDA:216,22,0,0
BRDA:216,22,1,0
BRDA:216,22,2,0
BRDA:217,23,0,0
BRDA:217,23,1,0
BRDA:218,24,0,0
BRDA:218,24,1,0
BRDA:219,25,0,0
BRDA:219,25,1,0
BRDA:220,26,0,0
BRDA:220,26,1,0
BRDA:221,27,0,0
BRDA:221,27,1,0
BRDA:221,28,0,0
BRDA:221,28,1,0
BRDA:221,29,0,0
BRDA:221,29,1,0
BRDA:227,30,0,0
BRDA:227,30,1,0
BRDA:227,30,2,0
BRDA:228,31,0,0
BRDA:228,31,1,0
BRDA:228,31,2,0
BRDA:229,32,0,0
BRDA:229,32,1,0
BRDA:229,32,2,0
BRDA:230,33,0,0
BRDA:230,33,1,0
BRDA:230,33,2,0
BRDA:231,34,0,0
BRDA:231,34,1,0
BRDA:231,34,2,0
BRDA:232,35,0,0
BRDA:232,35,1,0
BRDA:233,36,0,0
BRDA:233,36,1,0
BRDA:234,37,0,0
BRDA:234,37,1,0
BRDA:234,37,2,0
BRDA:240,38,0,0
BRDA:240,38,1,0
BRDA:240,38,2,0
BRDA:241,39,0,0
BRDA:241,39,1,0
BRDA:241,39,2,0
BRDA:242,40,0,0
BRDA:242,40,1,0
BRDA:243,41,0,0
BRDA:243,41,1,0
BRDA:244,42,0,0
BRDA:244,42,1,0
BRDA:244,42,2,0
BRDA:250,43,0,0
BRDA:250,43,1,0
BRDA:250,43,2,0
BRDA:251,44,0,0
BRDA:251,44,1,0
BRDA:251,44,2,0
BRDA:252,45,0,0
BRDA:252,45,1,0
BRDA:252,45,2,0
BRDA:253,46,0,0
BRDA:253,46,1,0
BRDA:253,46,2,0
BRDA:254,47,0,0
BRDA:254,47,1,0
BRDA:255,48,0,0
BRDA:255,48,1,0
BRDA:255,48,2,0
BRDA:261,49,0,0
BRDA:261,49,1,0
BRDA:261,49,2,0
BRDA:262,50,0,0
BRDA:262,50,1,0
BRDA:262,50,2,0
BRDA:263,51,0,0
BRDA:263,51,1,0
BRDA:263,51,2,0
BRDA:264,52,0,0
BRDA:264,52,1,0
BRDA:264,52,2,0
BRDA:265,53,0,0
BRDA:265,53,1,0
BRDA:265,53,2,0
BRDA:266,54,0,0
BRDA:266,54,1,0
BRDA:266,54,2,0
BRDA:267,55,0,0
BRDA:267,55,1,0
BRDA:268,56,0,0
BRDA:268,56,1,0
BRDA:268,56,2,0
BRDA:274,57,0,0
BRDA:274,57,1,0
BRDA:275,58,0,0
BRDA:275,58,1,0
BRDA:282,59,0,0
BRDA:282,59,1,0
BRDA:282,60,0,0
BRDA:282,60,1,0
BRDA:282,60,2,0
BRDA:284,61,0,0
BRDA:284,61,1,0
BRDA:288,62,0,0
BRDA:288,62,1,0
BRDA:289,63,0,0
BRDA:289,63,1,0
BRDA:290,64,0,0
BRDA:290,64,1,0
BRDA:305,65,0,0
BRDA:305,65,1,0
BRDA:315,66,0,0
BRDA:315,66,1,0
BRDA:327,67,0,0
BRDA:327,67,1,0
BRDA:338,68,0,0
BRDA:338,68,1,0
BRDA:347,69,0,0
BRDA:347,69,1,0
BRDA:370,70,0,0
BRDA:370,70,1,0
BRDA:375,71,0,0
BRDA:375,71,1,0
BRDA:400,72,0,0
BRDA:400,72,1,0
BRDA:401,73,0,0
BRDA:401,73,1,0
BRDA:409,74,0,0
BRDA:409,74,1,0
BRDA:416,75,0,0
BRDA:416,75,1,0
BRDA:426,76,0,0
BRDA:426,76,1,0
BRDA:437,77,0,0
BRDA:437,77,1,0
BRDA:444,78,0,0
BRDA:444,78,1,0
BRDA:454,79,0,0
BRDA:454,79,1,0
BRDA:465,80,0,0
BRDA:465,80,1,0
BRDA:472,81,0,0
BRDA:472,81,1,0
BRDA:482,82,0,0
BRDA:482,82,1,0
BRDA:493,83,0,0
BRDA:493,83,1,0
BRDA:500,84,0,0
BRDA:500,84,1,0
BRDA:510,85,0,0
BRDA:510,85,1,0
BRDA:521,86,0,0
BRDA:521,86,1,0
BRDA:528,87,0,0
BRDA:528,87,1,0
BRDA:538,88,0,0
BRDA:538,88,1,0
BRDA:549,89,0,0
BRDA:549,89,1,0
BRDA:556,90,0,0
BRDA:556,90,1,0
BRDA:566,91,0,0
BRDA:566,91,1,0
BRDA:573,92,0,0
BRDA:594,93,0,0
BRDA:594,93,1,0
BRDA:600,94,0,0
BRDA:600,94,1,0
BRDA:629,95,0,0
BRDA:629,95,1,0
BRDA:639,96,0,0
BRDA:639,96,1,0
BRDA:653,97,0,0
BRDA:653,97,1,0
BRDA:657,98,0,0
BRDA:657,98,1,0
BRDA:658,99,0,0
BRDA:658,99,1,0
BRDA:660,100,0,0
BRDA:660,100,1,0
BRDA:661,101,0,0
BRDA:661,101,1,0
BRDA:668,102,0,0
BRDA:668,102,1,0
BRDA:677,103,0,0
BRDA:677,103,1,0
BRDA:701,104,0,0
BRDA:701,104,1,0
BRDA:725,105,0,0
BRDA:725,105,1,0
BRDA:736,106,0,0
BRDA:736,106,1,0
BRDA:737,107,0,0
BRDA:737,107,1,0
BRDA:749,108,0,0
BRDA:749,108,1,0
BRDA:763,109,0,0
BRDA:763,109,1,0
BRDA:826,110,0,0
BRDA:826,110,1,0
BRF:260
BRH:0
end_of_record
TN:
SF:src/services/database.ts
FN:18,(anonymous_1)
FN:18,(anonymous_2)
FN:18,(anonymous_3)
FN:18,(anonymous_4)
FN:18,(anonymous_5)
FN:176,(anonymous_6)
FN:180,(anonymous_7)
FN:194,(anonymous_8)
FN:198,(anonymous_9)
FN:202,(anonymous_10)
FN:208,(anonymous_11)
FN:212,(anonymous_12)
FN:216,(anonymous_13)
FN:217,(anonymous_14)
FN:220,(anonymous_15)
FN:240,(anonymous_16)
FN:247,(anonymous_17)
FN:262,(anonymous_18)
FN:270,(anonymous_19)
FN:272,(anonymous_20)
FN:277,(anonymous_21)
FN:282,(anonymous_22)
FN:287,(anonymous_23)
FN:292,(anonymous_24)
FN:297,(anonymous_25)
FN:302,(anonymous_26)
FN:307,(anonymous_27)
FN:312,(anonymous_28)
FN:317,(anonymous_29)
FN:322,(anonymous_30)
FN:327,(anonymous_31)
FN:332,(anonymous_32)
FN:337,(anonymous_33)
FN:342,(anonymous_34)
FN:347,(anonymous_35)
FN:352,(anonymous_36)
FN:357,(anonymous_37)
FN:363,(anonymous_38)
FN:404,(anonymous_39)
FN:409,(anonymous_40)
FN:414,(anonymous_41)
FN:432,(anonymous_42)
FN:447,(anonymous_43)
FN:457,(anonymous_44)
FN:471,(anonymous_45)
FN:476,(anonymous_46)
FN:491,(anonymous_47)
FN:507,(anonymous_48)
FN:521,(anonymous_49)
FN:522,(anonymous_50)
FN:527,(anonymous_51)
FN:528,(anonymous_52)
FN:536,(anonymous_53)
FN:537,(anonymous_54)
FN:543,(anonymous_55)
FN:544,(anonymous_56)
FN:549,(anonymous_57)
FN:550,(anonymous_58)
FN:556,(anonymous_59)
FN:557,(anonymous_60)
FN:566,(anonymous_61)
FN:567,(anonymous_62)
FN:573,(anonymous_63)
FN:574,(anonymous_64)
FN:586,(anonymous_65)
FN:605,(anonymous_66)
FN:611,(anonymous_67)
FNF:67
FNH:0
FNDA:0,(anonymous_1)
FNDA:0,(anonymous_2)
FNDA:0,(anonymous_3)
FNDA:0,(anonymous_4)
FNDA:0,(anonymous_5)
FNDA:0,(anonymous_6)
FNDA:0,(anonymous_7)
FNDA:0,(anonymous_8)
FNDA:0,(anonymous_9)
FNDA:0,(anonymous_10)
FNDA:0,(anonymous_11)
FNDA:0,(anonymous_12)
FNDA:0,(anonymous_13)
FNDA:0,(anonymous_14)
FNDA:0,(anonymous_15)
FNDA:0,(anonymous_16)
FNDA:0,(anonymous_17)
FNDA:0,(anonymous_18)
FNDA:0,(anonymous_19)
FNDA:0,(anonymous_20)
FNDA:0,(anonymous_21)
FNDA:0,(anonymous_22)
FNDA:0,(anonymous_23)
FNDA:0,(anonymous_24)
FNDA:0,(anonymous_25)
FNDA:0,(anonymous_26)
FNDA:0,(anonymous_27)
FNDA:0,(anonymous_28)
FNDA:0,(anonymous_29)
FNDA:0,(anonymous_30)
FNDA:0,(anonymous_31)
FNDA:0,(anonymous_32)
FNDA:0,(anonymous_33)
FNDA:0,(anonymous_34)
FNDA:0,(anonymous_35)
FNDA:0,(anonymous_36)
FNDA:0,(anonymous_37)
FNDA:0,(anonymous_38)
FNDA:0,(anonymous_39)
FNDA:0,(anonymous_40)
FNDA:0,(anonymous_41)
FNDA:0,(anonymous_42)
FNDA:0,(anonymous_43)
FNDA:0,(anonymous_44)
FNDA:0,(anonymous_45)
FNDA:0,(anonymous_46)
FNDA:0,(anonymous_47)
FNDA:0,(anonymous_48)
FNDA:0,(anonymous_49)
FNDA:0,(anonymous_50)
FNDA:0,(anonymous_51)
FNDA:0,(anonymous_52)
FNDA:0,(anonymous_53)
FNDA:0,(anonymous_54)
FNDA:0,(anonymous_55)
FNDA:0,(anonymous_56)
FNDA:0,(anonymous_57)
FNDA:0,(anonymous_58)
FNDA:0,(anonymous_59)
FNDA:0,(anonymous_60)
FNDA:0,(anonymous_61)
FNDA:0,(anonymous_62)
FNDA:0,(anonymous_63)
FNDA:0,(anonymous_64)
FNDA:0,(anonymous_65)
FNDA:0,(anonymous_66)
FNDA:0,(anonymous_67)
DA:1,0
DA:18,0
DA:41,0
DA:177,0
DA:178,0
DA:181,0
DA:184,0
DA:185,0
DA:189,0
DA:190,0
DA:195,0
DA:197,0
DA:198,0
DA:201,0
DA:202,0
DA:205,0
DA:209,0
DA:210,0
DA:212,0
DA:213,0
DA:217,0
DA:221,0
DA:226,0
DA:228,0
DA:229,0
DA:230,0
DA:231,0
DA:232,0
DA:233,0
DA:234,0
DA:235,0
DA:236,0
DA:238,0
DA:241,0
DA:242,0
DA:244,0
DA:249,0
DA:262,0
DA:263,0
DA:267,0
DA:272,0
DA:273,0
DA:274,0
DA:277,0
DA:278,0
DA:282,0
DA:283,0
DA:284,0
DA:287,0
DA:288,0
DA:292,0
DA:293,0
DA:294,0
DA:297,0
DA:298,0
DA:302,0
DA:303,0
DA:304,0
DA:307,0
DA:308,0
DA:312,0
DA:313,0
DA:314,0
DA:317,0
DA:318,0
DA:322,0
DA:323,0
DA:324,0
DA:327,0
DA:328,0
DA:332,0
DA:333,0
DA:334,0
DA:337,0
DA:338,0
DA:342,0
DA:343,0
DA:344,0
DA:347,0
DA:348,0
DA:352,0
DA:353,0
DA:354,0
DA:357,0
DA:358,0
DA:368,0
DA:370,0
DA:371,0
DA:372,0
DA:373,0
DA:375,0
DA:384,0
DA:386,0
DA:387,0
DA:389,0
DA:391,0
DA:399,0
DA:405,0
DA:410,0
DA:415,0
DA:417,0
DA:418,0
DA:419,0
DA:420,0
DA:424,0
DA:429,0
DA:432,0
DA:433,0
DA:434,0
DA:437,0
DA:439,0
DA:441,0
DA:442,0
DA:447,0
DA:448,0
DA:449,0
DA:450,0
DA:452,0
DA:453,0
DA:454,0
DA:456,0
DA:457,0
DA:460,0
DA:461,0
DA:466,0
DA:471,0
DA:472,0
DA:477,0
DA:478,0
DA:479,0
DA:480,0
DA:481,0
DA:482,0
DA:483,0
DA:484,0
DA:485,0
DA:491,0
DA:492,0
DA:503,0
DA:507,0
DA:508,0
DA:510,0
DA:519,0
DA:522,0
DA:523,0
DA:528,0
DA:529,0
DA:537,0
DA:538,0
DA:544,0
DA:545,0
DA:550,0
DA:551,0
DA:557,0
DA:558,0
DA:567,0
DA:568,0
DA:574,0
DA:575,0
DA:584,0
DA:587,0
DA:590,0
DA:592,0
DA:593,0
DA:594,0
DA:596,0
DA:597,0
DA:601,0
DA:606,0
DA:607,0
DA:612,0
DA:615,0
DA:618,0
DA:620,0
LF:174
LH:0
BRDA:184,0,0,0
BRDA:184,0,1,0
BRDA:189,1,0,0
BRDA:189,1,1,0
BRDA:197,2,0,0
BRDA:197,2,1,0
BRDA:201,3,0,0
BRDA:201,3,1,0
BRDA:210,4,0,0
BRDA:210,4,1,0
BRDA:216,5,0,0
BRDA:380,6,0,0
BRDA:380,6,1,0
BRDA:419,7,0,0
BRDA:419,7,1,0
BRDA:419,8,0,0
BRDA:419,8,1,0
BRDA:420,9,0,0
BRDA:420,9,1,0
BRDA:453,10,0,0
BRDA:453,10,1,0
BRDA:460,11,0,0
BRDA:460,11,1,0
BRDA:594,12,0,0
BRDA:594,12,1,0
BRF:25
BRH:0
end_of_record
TN:
SF:src/services/databaseDemo.ts
FN:23,(anonymous_0)
FN:43,(anonymous_1)
FN:55,(anonymous_2)
FN:93,(anonymous_3)
FN:109,(anonymous_4)
FN:118,(anonymous_5)
FN:132,(anonymous_6)
FN:148,(anonymous_7)
FN:166,(anonymous_8)
FN:187,(anonymous_9)
FN:193,(anonymous_10)
FN:199,(anonymous_11)
FN:207,(anonymous_12)
FN:212,(anonymous_13)
FN:219,(anonymous_14)
FNF:15
FNH:0
FNDA:0,(anonymous_0)
FNDA:0,(anonymous_1)
FNDA:0,(anonymous_2)
FNDA:0,(anonymous_3)
FNDA:0,(anonymous_4)
FNDA:0,(anonymous_5)
FNDA:0,(anonymous_6)
FNDA:0,(anonymous_7)
FNDA:0,(anonymous_8)
FNDA:0,(anonymous_9)
FNDA:0,(anonymous_10)
FNDA:0,(anonymous_11)
FNDA:0,(anonymous_12)
FNDA:0,(anonymous_13)
FNDA:0,(anonymous_14)
DA:1,0
DA:9,0
DA:10,0
DA:18,0
DA:24,0
DA:26,0
DA:28,0
DA:29,0
DA:30,0
DA:33,0
DA:34,0
DA:35,0
DA:38,0
DA:39,0
DA:40,0
DA:41,0
DA:42,0
DA:43,0
DA:45,0
DA:48,0
DA:56,0
DA:58,0
DA:60,0
DA:63,0
DA:64,0
DA:65,0
DA:66,0
DA:67,0
DA:68,0
DA:71,0
DA:73,0
DA:74,0
DA:76,0
DA:77,0
DA:79,0
DA:80,0
DA:82,0
DA:83,0
DA:86,0
DA:94,0
DA:96,0
DA:98,0
DA:99,0
DA:101,0
DA:102,0
DA:103,0
DA:104,0
DA:107,0
DA:108,0
DA:109,0
DA:110,0
DA:112,0
DA:116,0
DA:117,0
DA:118,0
DA:119,0
DA:121,0
DA:125,0
DA:133,0
DA:135,0
DA:137,0
DA:138,0
DA:140,0
DA:141,0
DA:142,0
DA:143,0
DA:146,0
DA:147,0
DA:148,0
DA:149,0
DA:151,0
DA:154,0
DA:155,0
DA:156,0
DA:159,0
DA:167,0
DA:168,0
DA:169,0
DA:171,0
DA:172,0
DA:173,0
DA:174,0
DA:176,0
DA:177,0
DA:179,0
DA:180,0
DA:181,0
DA:182,0
DA:187,0
DA:188,0
DA:189,0
DA:193,0
DA:194,0
DA:195,0
DA:199,0
DA:200,0
DA:202,0
DA:203,0
DA:205,0
DA:206,0
DA:207,0
DA:210,0
DA:211,0
DA:212,0
DA:215,0
DA:219,0
DA:220,0
DA:222,0
DA:223,0
DA:224,0
DA:225,0
DA:227,0
DA:228,0
DA:229,0
DA:231,0
DA:232,0
DA:233,0
DA:235,0
DA:237,0
DA:242,0
LF:120
LH:0
BRDA:40,0,0,0
BRDA:40,0,1,0
BRDA:41,1,0,0
BRDA:41,1,1,0
BRDA:107,2,0,0
BRDA:107,2,1,0
BRDA:116,3,0,0
BRDA:116,3,1,0
BRDA:142,4,0,0
BRDA:142,4,1,0
BRDA:143,5,0,0
BRDA:143,5,1,0
BRDA:203,6,0,0
BRDA:203,6,1,0
BRDA:205,7,0,0
BRDA:205,7,1,0
BRDA:210,8,0,0
BRDA:210,8,1,0
BRDA:233,9,0,0
BRDA:233,9,1,0
BRF:20
BRH:0
end_of_record
TN:
SF:src/services/memberService.ts
FN:6,(anonymous_0)
FN:11,(anonymous_1)
FN:16,(anonymous_2)
FN:17,(anonymous_3)
FN:23,(anonymous_4)
FN:24,(anonymous_5)
FN:30,(anonymous_6)
FN:35,(anonymous_7)
FN:40,(anonymous_8)
FN:44,(anonymous_9)
FN:48,(anonymous_10)
FN:55,(anonymous_11)
FN:68,(anonymous_12)
FN:85,(anonymous_13)
FN:101,(anonymous_14)
FN:102,(anonymous_15)
FN:114,(anonymous_16)
FN:115,(anonymous_17)
FN:121,(anonymous_18)
FN:128,(anonymous_19)
FN:134,(anonymous_20)
FN:151,(anonymous_21)
FN:154,(anonymous_22)
FN:163,(anonymous_23)
FNF:24
FNH:0
FNDA:0,(anonymous_0)
FNDA:0,(anonymous_1)
FNDA:0,(anonymous_2)
FNDA:0,(anonymous_3)
FNDA:0,(anonymous_4)
FNDA:0,(anonymous_5)
FNDA:0,(anonymous_6)
FNDA:0,(anonymous_7)
FNDA:0,(anonymous_8)
FNDA:0,(anonymous_9)
FNDA:0,(anonymous_10)
FNDA:0,(anonymous_11)
FNDA:0,(anonymous_12)
FNDA:0,(anonymous_13)
FNDA:0,(anonymous_14)
FNDA:0,(anonymous_15)
FNDA:0,(anonymous_16)
FNDA:0,(anonymous_17)
FNDA:0,(anonymous_18)
FNDA:0,(anonymous_19)
FNDA:0,(anonymous_20)
FNDA:0,(anonymous_21)
FNDA:0,(anonymous_22)
FNDA:0,(anonymous_23)
DA:1,0
DA:7,0
DA:12,0
DA:17,0
DA:18,0
DA:24,0
DA:25,0
DA:31,0
DA:36,0
DA:41,0
DA:43,0
DA:44,0
DA:47,0
DA:48,0
DA:51,0
DA:56,0
DA:63,0
DA:64,0
DA:69,0
DA:70,0
DA:71,0
DA:74,0
DA:80,0
DA:81,0
DA:86,0
DA:87,0
DA:88,0
DA:92,0
DA:93,0
DA:94,0
DA:97,0
DA:102,0
DA:109,0
DA:110,0
DA:115,0
DA:116,0
DA:122,0
DA:123,0
DA:124,0
DA:127,0
DA:128,0
DA:129,0
DA:130,0
DA:134,0
DA:135,0
DA:136,0
DA:138,0
DA:141,0
DA:152,0
DA:153,0
DA:155,0
DA:164,0
DA:168,0
LF:53
LH:0
BRDA:43,0,0,0
BRDA:43,0,1,0
BRDA:43,1,0,0
BRDA:43,1,1,0
BRDA:47,2,0,0
BRDA:47,2,1,0
BRDA:47,3,0,0
BRDA:47,3,1,0
BRDA:48,4,0,0
BRDA:48,4,1,0
BRDA:70,5,0,0
BRDA:70,5,1,0
BRDA:87,6,0,0
BRDA:87,6,1,0
BRDA:93,7,0,0
BRDA:93,7,1,0
BRDA:129,8,0,0
BRDA:129,8,1,0
BRDA:135,9,0,0
BRDA:135,9,1,0
BRDA:136,10,0,0
BRDA:136,10,1,0
BRDA:155,11,0,0
BRDA:155,11,1,0
BRDA:155,11,2,0
BRDA:155,11,3,0
BRF:26
BRH:0
end_of_record
TN:
SF:src/services/migrationManager.ts
FN:15,(anonymous_0)
FN:19,(anonymous_1)
FN:38,(anonymous_2)
FN:64,(anonymous_3)
FN:71,(anonymous_4)
FN:97,(anonymous_5)
FN:103,(anonymous_6)
FN:108,(anonymous_7)
FN:117,(anonymous_8)
FN:129,(anonymous_9)
FN:139,(anonymous_10)
FN:156,(anonymous_11)
FN:188,(anonymous_12)
FN:227,(anonymous_13)
FN:239,(anonymous_14)
FN:258,(anonymous_15)
FN:290,(anonymous_16)
FN:313,(anonymous_17)
FN:325,(anonymous_18)
FN:343,(anonymous_19)
FNF:20
FNH:0
FNDA:0,(anonymous_0)
FNDA:0,(anonymous_1)
FNDA:0,(anonymous_2)
FNDA:0,(anonymous_3)
FNDA:0,(anonymous_4)
FNDA:0,(anonymous_5)
FNDA:0,(anonymous_6)
FNDA:0,(anonymous_7)
FNDA:0,(anonymous_8)
FNDA:0,(anonymous_9)
FNDA:0,(anonymous_10)
FNDA:0,(anonymous_11)
FNDA:0,(anonymous_12)
FNDA:0,(anonymous_13)
FNDA:0,(anonymous_14)
FNDA:0,(anonymous_15)
FNDA:0,(anonymous_16)
FNDA:0,(anonymous_17)
FNDA:0,(anonymous_18)
FNDA:0,(anonymous_19)
DA:1,0
DA:12,0
DA:13,0
DA:16,0
DA:21,0
DA:39,0
DA:41,0
DA:43,0
DA:45,0
DA:47,0
DA:50,0
DA:51,0
DA:53,0
DA:55,0
DA:58,0
DA:59,0
DA:65,0
DA:67,0
DA:72,0
DA:74,0
DA:76,0
DA:77,0
DA:78,0
DA:81,0
DA:82,0
DA:86,0
DA:87,0
DA:88,0
DA:89,0
DA:93,0
DA:99,0
DA:104,0
DA:114,0
DA:115,0
DA:116,0
DA:117,0
DA:120,0
DA:134,0
DA:136,0
DA:138,0
DA:139,0
DA:141,0
DA:142,0
DA:143,0
DA:148,0
DA:149,0
DA:151,0
DA:152,0
DA:153,0
DA:155,0
DA:156,0
DA:159,0
DA:160,0
DA:165,0
DA:166,0
DA:167,0
DA:168,0
DA:170,0
DA:173,0
DA:179,0
DA:193,0
DA:194,0
DA:196,0
DA:212,0
DA:213,0
DA:218,0
DA:219,0
DA:231,0
DA:232,0
DA:235,0
DA:240,0
DA:241,0
DA:242,0
DA:243,0
DA:244,0
DA:245,0
DA:246,0
DA:247,0
DA:248,0
DA:253,0
DA:254,0
DA:259,0
DA:260,0
DA:261,0
DA:262,0
DA:263,0
DA:264,0
DA:265,0
DA:266,0
DA:267,0
DA:272,0
DA:273,0
DA:277,0
DA:278,0
DA:287,0
DA:290,0
DA:291,0
DA:292,0
DA:294,0
DA:295,0
DA:297,0
DA:298,0
DA:299,0
DA:302,0
DA:304,0
DA:307,0
DA:308,0
DA:313,0
DA:318,0
DA:319,0
DA:321,0
DA:322,0
DA:325,0
DA:326,0
DA:330,0
DA:331,0
DA:332,0
DA:335,0
DA:343,0
DA:344,0
DA:345,0
DA:346,0
DA:347,0
DA:349,0
LF:124
LH:0
BRDA:43,0,0,0
BRDA:43,0,1,0
BRDA:45,1,0,0
BRDA:45,1,1,0
BRDA:76,2,0,0
BRDA:76,2,1,0
BRDA:81,3,0,0
BRDA:81,3,1,0
BRDA:87,4,0,0
BRDA:87,4,1,0
BRDA:87,5,0,0
BRDA:87,5,1,0
BRDA:117,6,0,0
BRDA:117,6,1,0
BRDA:142,7,0,0
BRDA:142,7,1,0
BRDA:152,8,0,0
BRDA:152,8,1,0
BRDA:159,9,0,0
BRDA:159,9,1,0
BRDA:221,10,0,0
BRDA:221,10,1,0
BRDA:253,11,0,0
BRDA:253,11,1,0
BRDA:259,12,0,0
BRDA:259,12,1,0
BRDA:260,13,0,0
BRDA:260,13,1,0
BRDA:261,14,0,0
BRDA:261,14,1,0
BRDA:262,15,0,0
BRDA:262,15,1,0
BRDA:263,16,0,0
BRDA:263,16,1,0
BRDA:264,17,0,0
BRDA:264,17,1,0
BRDA:265,18,0,0
BRDA:265,18,1,0
BRDA:266,19,0,0
BRDA:266,19,1,0
BRDA:267,20,0,0
BRDA:267,20,1,0
BRDA:280,21,0,0
BRDA:280,21,1,0
BRDA:294,22,0,0
BRDA:294,22,1,0
BRDA:321,23,0,0
BRDA:321,23,1,0
BRDA:325,24,0,0
BRDA:325,24,1,0
BRDA:331,25,0,0
BRDA:331,25,1,0
BRDA:336,26,0,0
BRDA:336,26,1,0
BRF:54
BRH:0
end_of_record
TN:
SF:src/services/performanceService.ts
FN:6,(anonymous_0)
FN:14,(anonymous_1)
FN:18,(anonymous_2)
FN:25,(anonymous_3)
FN:62,(anonymous_4)
FN:72,(anonymous_5)
FN:81,(anonymous_6)
FN:84,(anonymous_7)
FN:85,(anonymous_8)
FN:90,(anonymous_9)
FN:126,(anonymous_10)
FN:136,(anonymous_11)
FN:145,(anonymous_12)
FN:148,(anonymous_13)
FN:149,(anonymous_14)
FN:154,(anonymous_15)
FN:190,(anonymous_16)
[...]
DA:112,0
DA:114,0
DA:115,0
DA:121,0
DA:122,0
DA:125,0
DA:126,0
DA:129,0
DA:130,0
DA:133,0
DA:134,0
DA:137,0
DA:138,0
DA:143,0
DA:146,0
DA:147,0
DA:148,0
DA:149,0
DA:150,0
DA:153,0
DA:157,0
DA:158,0
DA:159,0
DA:160,0
DA:161,0
DA:162,0
DA:163,0
DA:166,0
DA:171,0
DA:172,0
DA:173,0
DA:180,0
DA:191,0
DA:198,0
DA:199,0
DA:200,0
DA:201,0
DA:203,0
LF:64
LH:0
BRDA:25,0,0,0
BRDA:25,0,1,0
BRDA:25,0,2,0
BRDA:25,0,3,0
BRDA:25,0,4,0
BRDA:25,0,5,0
BRDA:54,1,0,0
BRDA:54,1,1,0
BRDA:61,2,0,0
BRDA:61,2,1,0
BRDA:110,3,0,0
BRDA:114,4,0,0
BRDA:114,4,1,0
BRDA:149,5,0,0
BRDA:149,5,1,0
BRDA:149,6,0,0
BRDA:149,6,1,0
BRDA:159,7,0,0
BRDA:159,7,1,0
BRDA:162,8,0,0
BRDA:162,8,1,0
BRDA:162,9,0,0
BRDA:162,9,1,0
BRDA:172,10,0,0
BRDA:172,10,1,0
BRDA:200,11,0,0
BRDA:200,11,1,0
BRF:27
BRH:0
end_of_record
TN:
SF:src/stores/index.ts
FN:25,(anonymous_1)
FN:40,(anonymous_2)
FNF:2
FNH:0
FNDA:0,(anonymous_1)
FNDA:0,(anonymous_2)
DA:1,0
DA:2,0
DA:5,0
DA:6,0
DA:7,0
DA:8,0
DA:9,0
DA:10,0
DA:11,0
DA:12,0
DA:14,0
DA:26,0
DA:40,0
DA:41,0
LF:14
LH:0
BRF:0
BRH:0
end_of_record
TN:
SF:src/stores/slices/loadingSlice.ts
FN:43,(anonymous_0)
FN:49,(anonymous_1)
FN:57,(anonymous_2)
FN:70,(anonymous_3)
FN:84,(anonymous_4)
FN:89,(anonymous_5)
FN:94,(anonymous_6)
FN:113,(anonymous_7)
FN:114,(anonymous_8)
FN:115,(anonymous_9)
FN:116,(anonymous_10)
FN:117,(anonymous_11)
FN:118,(anonymous_12)
FN:123,(anonymous_13)
FNF:14
FNH:0
FNDA:0,(anonymous_0)
FNDA:0,(anonymous_1)
FNDA:0,(anonymous_2)
FNDA:0,(anonymous_3)
FNDA:0,(anonymous_4)
FNDA:0,(anonymous_5)
FNDA:0,(anonymous_6)
FNDA:0,(anonymous_7)
FNDA:0,(anonymous_8)
FNDA:0,(anonymous_9)
FNDA:0,(anonymous_10)
FNDA:0,(anonymous_11)
FNDA:0,(anonymous_12)
FNDA:0,(anonymous_13)
DA:1,0
DA:25,0
DA:38,0
DA:44,0
DA:45,0
DA:53,0
DA:61,0
DA:64,0
DA:65,0
DA:71,0
DA:72,0
DA:73,0
DA:74,0
DA:75,0
DA:76,0
DA:77,0
DA:78,0
DA:79,0
DA:80,0
DA:85,0
DA:90,0
DA:95,0
DA:100,0
DA:110,0
DA:113,0
DA:114,0
DA:115,0
DA:116,0
DA:117,0
DA:118,0
DA:119,0
DA:120,0
DA:123,0
LF:33
LH:0
BRDA:64,0,0,0
BRDA:64,0,1,0
BRDA:120,1,0,0
BRDA:120,1,1,0
BRDA:120,1,2,0
BRDA:120,1,3,0
BRDA:120,1,4,0
BRDA:120,1,5,0
BRDA:120,1,6,0
BRDA:120,1,7,0
BRDA:120,1,8,0
BRF:11
BRH:0
end_of_record
TN:
SF:src/stores/slices/membersSlice.ts
FN:23,(anonymous_0)
FN:36,(anonymous_1)
FN:49,(anonymous_2)
FN:62,(anonymous_3)
FN:77,(anonymous_4)
FN:80,(anonymous_5)
FN:84,(anonymous_6)
FN:87,(anonymous_7)
FN:91,(anonymous_8)
FN:95,(anonymous_9)
FN:100,(anonymous_10)
FN:103,(anonymous_11)
FN:107,(anonymous_12)
FN:108,(anonymous_13)
FN:113,(anonymous_14)
FN:117,(anonymous_15)
FN:118,(anonymous_16)
FN:119,(anonymous_17)
FN:121,(anonymous_18)
FNF:19
FNH:0
FNDA:0,(anonymous_0)
FNDA:0,(anonymous_1)
FNDA:0,(anonymous_2)
FNDA:0,(anonymous_3)
FNDA:0,(anonymous_4)
FNDA:0,(anonymous_5)
FNDA:0,(anonymous_6)
FNDA:0,(anonymous_7)
FNDA:0,(anonymous_8)
FNDA:0,(anonymous_9)
FNDA:0,(anonymous_10)
FNDA:0,(anonymous_11)
FNDA:0,(anonymous_12)
FNDA:0,(anonymous_13)
FNDA:0,(anonymous_14)
FNDA:0,(anonymous_15)
FNDA:0,(anonymous_16)
FNDA:0,(anonymous_17)
FNDA:0,(anonymous_18)
DA:1,0
DA:3,0
DA:4,0
DA:13,0
DA:21,0
DA:24,0
DA:25,0
DA:26,0
DA:27,0
DA:29,0
DA:34,0
DA:37,0
DA:38,0
DA:39,0
DA:40,0
DA:42,0
DA:47,0
DA:50,0
DA:51,0
DA:52,0
DA:53,0
DA:55,0
DA:60,0
DA:63,0
DA:64,0
DA:65,0
DA:66,0
DA:68,0
DA:73,0
DA:78,0
DA:81,0
DA:85,0
DA:88,0
DA:89,0
DA:92,0
DA:93,0
DA:96,0
DA:97,0
DA:101,0
DA:104,0
DA:108,0
DA:109,0
DA:110,0
DA:114,0
DA:118,0
DA:119,0
DA:122,0
DA:127,0
DA:128,0
LF:49
LH:0
BRDA:97,0,0,0
BRDA:97,0,1,0
BRDA:104,1,0,0
BRDA:104,1,1,0
BRDA:109,2,0,0
BRDA:109,2,1,0
BRDA:114,3,0,0
BRDA:114,3,1,0
BRDA:122,4,0,0
BRDA:122,4,1,0
BRF:10
BRH:0
end_of_record
TN:
SF:src/stores/slices/performanceSlice.ts
FN:26,(anonymous_0)
FN:42,(anonymous_1)
FN:56,(anonymous_2)
FN:66,(anonymous_3)
FN:69,(anonymous_4)
FN:72,(anonymous_5)
FN:76,(anonymous_6)
FN:79,(anonymous_7)
FN:83,(anonymous_8)
FN:87,(anonymous_9)
FN:93,(anonymous_10)
FN:97,(anonymous_11)
FN:102,(anonymous_12)
FN:108,(anonymous_13)
FN:112,(anonymous_14)
FN:117,(anonymous_15)
FNF:16
FNH:0
FNDA:0,(anonymous_0)
FNDA:0,(anonymous_1)
FNDA:0,(anonymous_2)
FNDA:0,(anonymous_3)
FNDA:0,(anonymous_4)
FNDA:0,(anonymous_5)
FNDA:0,(anonymous_6)
FNDA:0,(anonymous_7)
FNDA:0,(anonymous_8)
FNDA:0,(anonymous_9)
FNDA:0,(anonymous_10)
FNDA:0,(anonymous_11)
FNDA:0,(anonymous_12)
FNDA:0,(anonymous_13)
FNDA:0,(anonymous_14)
FNDA:0,(anonymous_15)
DA:1,0
DA:3,0
DA:14,0
DA:24,0
DA:35,0
DA:36,0
DA:40,0
DA:49,0
DA:50,0
DA:54,0
DA:57,0
DA:58,0
DA:62,0
DA:67,0
DA:70,0
DA:73,0
DA:77,0
DA:80,0
DA:81,0
DA:84,0
DA:85,0
DA:88,0
DA:89,0
DA:94,0
DA:95,0
DA:98,0
DA:99,0
DA:100,0
DA:103,0
DA:104,0
DA:109,0
DA:110,0
DA:113,0
DA:114,0
DA:115,0
DA:118,0
DA:119,0
DA:124,0
DA:130,0
LF:39
LH:0
BRDA:89,0,0,0
BRDA:89,0,1,0
BRDA:104,1,0,0
BRDA:104,1,1,0
BRDA:119,2,0,0
BRDA:119,2,1,0
BRF:6
BRH:0
end_of_record
TN:
SF:src/stores/slices/projectsSlice.ts
FN:24,(anonymous_0)
FN:32,(anonymous_1)
FN:40,(anonymous_2)
FN:48,(anonymous_3)
FN:58,(anonymous_4)
FN:61,(anonymous_5)
FN:64,(anonymous_6)
FN:68,(anonymous_7)
FN:71,(anonymous_8)
FN:75,(anonymous_9)
FN:79,(anonymous_10)
FN:84,(anonymous_11)
FN:87,(anonymous_12)
FN:91,(anonymous_13)
FN:92,(anonymous_14)
FN:97,(anonymous_15)
FN:101,(anonymous_16)
FN:102,(anonymous_17)
FN:103,(anonymous_18)
FN:108,(anonymous_19)
FNF:20
FNH:0
FNDA:0,(anonymous_0)
FNDA:0,(anonymous_1)
FNDA:0,(anonymous_2)
FNDA:0,(anonymous_3)
FNDA:0,(anonymous_4)
FNDA:0,(anonymous_5)
FNDA:0,(anonymous_6)
FNDA:0,(anonymous_7)
FNDA:0,(anonymous_8)
FNDA:0,(anonymous_9)
FNDA:0,(anonymous_10)
FNDA:0,(anonymous_11)
FNDA:0,(anonymous_12)
FNDA:0,(anonymous_13)
FNDA:0,(anonymous_14)
FNDA:0,(anonymous_15)
FNDA:0,(anonymous_16)
FNDA:0,(anonymous_17)
FNDA:0,(anonymous_18)
FNDA:0,(anonymous_19)
DA:1,0
DA:3,0
DA:13,0
DA:22,0
DA:25,0
DA:26,0
DA:30,0
DA:33,0
DA:34,0
DA:38,0
DA:41,0
DA:42,0
DA:46,0
DA:49,0
DA:50,0
DA:54,0
DA:59,0
DA:62,0
DA:65,0
DA:69,0
DA:72,0
DA:73,0
DA:76,0
DA:77,0
DA:80,0
DA:81,0
DA:85,0
DA:88,0
DA:92,0
DA:93,0
DA:94,0
DA:98,0
DA:102,0
DA:103,0
DA:104,0
DA:105,0
DA:109,0
DA:114,0
DA:120,0
LF:39
LH:0
BRDA:81,0,0,0
BRDA:81,0,1,0
BRDA:88,1,0,0
BRDA:88,1,1,0
BRDA:93,2,0,0
BRDA:93,2,1,0
BRDA:98,3,0,0
BRDA:98,3,1,0
BRDA:104,4,0,0
BRDA:104,4,1,0
BRDA:109,5,0,0
BRDA:109,5,1,0
BRF:12
BRH:0
end_of_record
TN:
SF:src/stores/slices/resourcesSlice.ts
FN:29,(anonymous_0)
FN:34,(anonymous_1)
FN:37,(anonymous_2)
FN:38,(anonymous_3)
FN:43,(anonymous_4)
FN:44,(anonymous_5)
FN:46,(anonymous_6)
FN:49,(anonymous_7)
FNF:8
FNH:0
FNDA:0,(anonymous_0)
FNDA:0,(anonymous_1)
FNDA:0,(anonymous_2)
FNDA:0,(anonymous_3)
FNDA:0,(anonymous_4)
FNDA:0,(anonymous_5)
FNDA:0,(anonymous_6)
FNDA:0,(anonymous_7)
DA:1,0
DA:19,0
DA:25,0
DA:30,0
DA:31,0
DA:32,0
DA:35,0
DA:38,0
DA:39,0
DA:40,0
DA:44,0
DA:47,0
DA:50,0
DA:51,0
DA:56,0
DA:65,0
LF:16
LH:0
BRDA:39,0,0,0
BRDA:39,0,1,0
BRF:2
BRH:0
end_of_record
TN:
SF:src/stores/slices/tasksSlice.ts
FN:30,(anonymous_0)
FN:43,(anonymous_1)
FN:56,(anonymous_2)
FN:69,(anonymous_3)
FN:82,(anonymous_4)
FN:107,(anonymous_5)
FN:110,(anonymous_6)
FN:113,(anonymous_7)
FN:116,(anonymous_8)
FN:120,(anonymous_9)
FN:123,(anonymous_10)
FN:127,(anonymous_11)
FN:131,(anonymous_12)
FN:136,(anonymous_13)
FN:139,(anonymous_14)
FN:143,(anonymous_15)
FN:144,(anonymous_16)
FN:149,(anonymous_17)
FN:153,(anonymous_18)
FN:154,(anonymous_19)
FN:155,(anonymous_20)
FN:157,(anonymous_21)
FN:161,(anonymous_22)
FN:162,(anonymous_23)
FNF:24
FNH:0
FNDA:0,(anonymous_0)
FNDA:0,(anonymous_1)
FNDA:0,(anonymous_2)
FNDA:0,(anonymous_3)
FNDA:0,(anonymous_4)
FNDA:0,(anonymous_5)
FNDA:0,(anonymous_6)
FNDA:0,(anonymous_7)
FNDA:0,(anonymous_8)
FNDA:0,(anonymous_9)
FNDA:0,(anonymous_10)
FNDA:0,(anonymous_11)
FNDA:0,(anonymous_12)
FNDA:0,(anonymous_13)
FNDA:0,(anonymous_14)
FNDA:0,(anonymous_15)
FNDA:0,(anonymous_16)
FNDA:0,(anonymous_17)
FNDA:0,(anonymous_18)
FNDA:0,(anonymous_19)
FNDA:0,(anonymous_20)
FNDA:0,(anonymous_21)
FNDA:0,(anonymous_22)
FNDA:0,(anonymous_23)
DA:1,0
DA:2,0
DA:3,0
DA:4,0
DA:15,0
DA:28,0
DA:31,0
DA:32,0
DA:33,0
DA:34,0
DA:36,0
DA:41,0
DA:44,0
DA:45,0
DA:46,0
DA:47,0
DA:49,0
DA:54,0
DA:57,0
DA:58,0
DA:59,0
DA:60,0
DA:62,0
DA:67,0
DA:70,0
DA:71,0
DA:72,0
DA:73,0
DA:75,0
DA:80,0
DA:83,0
DA:84,0
DA:85,0
DA:91,0
DA:92,0
DA:95,0
DA:96,0
DA:98,0
DA:103,0
DA:108,0
DA:111,0
DA:114,0
DA:117,0
DA:121,0
DA:124,0
DA:125,0
DA:128,0
DA:129,0
DA:132,0
DA:133,0
DA:137,0
DA:140,0
DA:144,0
DA:145,0
DA:146,0
DA:150,0
DA:154,0
DA:155,0
DA:158,0
DA:162,0
DA:163,0
DA:164,0
DA:170,0
DA:177,0
LF:64
LH:0
BRDA:91,0,0,0
BRDA:91,0,1,0
BRDA:133,1,0,0
BRDA:133,1,1,0
BRDA:140,2,0,0
BRDA:140,2,1,0
BRDA:145,3,0,0
BRDA:145,3,1,0
BRDA:150,4,0,0
BRDA:150,4,1,0
BRDA:158,5,0,0
BRDA:158,5,1,0
BRDA:163,6,0,0
BRDA:163,6,1,0
BRF:14
BRH:0
end_of_record
TN:
SF:src/stores/slices/teamsSlice.ts
FN:28,(anonymous_0)
FN:41,(anonymous_1)
FN:54,(anonymous_2)
FN:67,(anonymous_3)
FN:81,(anonymous_4)
FN:89,(anonymous_5)
FN:97,(anonymous_6)
FN:105,(anonymous_7)
FN:114,(anonymous_8)
FN:122,(anonymous_9)
FN:130,(anonymous_10)
FN:138,(anonymous_11)
FN:148,(anonymous_12)
FN:151,(anonymous_13)
FN:155,(anonymous_14)
FN:158,(anonymous_15)
FN:162,(anonymous_16)
FN:166,(anonymous_17)
FN:170,(anonymous_18)
FN:173,(anonymous_19)
FN:174,(anonymous_20)
FN:179,(anonymous_21)
FN:180,(anonymous_22)
FN:181,(anonymous_23)
FN:185,(anonymous_24)
FN:188,(anonymous_25)
FN:191,(anonymous_26)
FN:192,(anonymous_27)
FN:197,(anonymous_28)
FN:198,(anonymous_29)
FN:202,(anonymous_30)
FN:205,(anonymous_31)
FN:208,(anonymous_32)
FN:209,(anonymous_33)
FN:214,(anonymous_34)
FN:215,(anonymous_35)
FNF:36
FNH:0
FNDA:0,(anonymous_0)
FNDA:0,(anonymous_1)
FNDA:0,(anonymous_2)
FNDA:0,(anonymous_3)
FNDA:0,(anonymous_4)
FNDA:0,(anonymous_5)
FNDA:0,(anonymous_6)
FNDA:0,(anonymous_7)
FNDA:0,(anonymous_8)
FNDA:0,(anonymous_9)
FNDA:0,(anonymous_10)
FNDA:0,(anonymous_11)
FNDA:0,(anonymous_12)
FNDA:0,(anonymous_13)
FNDA:0,(anonymous_14)
FNDA:0,(anonymous_15)
FNDA:0,(anonymous_16)
FNDA:0,(anonymous_17)
FNDA:0,(anonymous_18)
FNDA:0,(anonymous_19)
FNDA:0,(anonymous_20)
FNDA:0,(anonymous_21)
FNDA:0,(anonymous_22)
FNDA:0,(anonymous_23)
FNDA:0,(anonymous_24)
FNDA:0,(anonymous_25)
FNDA:0,(anonymous_26)
FNDA:0,(anonymous_27)
FNDA:0,(anonymous_28)
FNDA:0,(anonymous_29)
FNDA:0,(anonymous_30)
FNDA:0,(anonymous_31)
FNDA:0,(anonymous_32)
FNDA:0,(anonymous_33)
FNDA:0,(anonymous_34)
FNDA:0,(anonymous_35)
DA:1,0
DA:3,0
DA:4,0
DA:5,0
DA:16,0
DA:26,0
DA:29,0
DA:30,0
DA:31,0
DA:32,0
DA:34,0
DA:39,0
DA:42,0
DA:43,0
DA:44,0
DA:45,0
DA:47,0
DA:52,0
DA:55,0
DA:56,0
DA:57,0
DA:58,0
DA:60,0
DA:65,0
DA:68,0
DA:69,0
DA:70,0
DA:71,0
DA:73,0
DA:79,0
DA:82,0
DA:83,0
DA:87,0
DA:90,0
DA:91,0
DA:95,0
DA:98,0
DA:99,0
DA:103,0
DA:106,0
DA:107,0
DA:112,0
DA:115,0
DA:116,0
DA:120,0
DA:123,0
DA:124,0
DA:128,0
DA:131,0
DA:132,0
DA:136,0
DA:139,0
DA:140,0
DA:144,0
DA:149,0
DA:152,0
DA:156,0
DA:159,0
DA:160,0
DA:163,0
DA:164,0
DA:167,0
DA:168,0
DA:171,0
DA:174,0
DA:175,0
DA:176,0
DA:180,0
DA:181,0
DA:186,0
DA:189,0
DA:192,0
DA:193,0
DA:194,0
DA:198,0
DA:203,0
DA:206,0
DA:209,0
DA:210,0
DA:211,0
DA:215,0
DA:220,0
DA:225,0
LF:83
LH:0
BRDA:168,0,0,0
BRDA:168,0,1,0
BRDA:175,1,0,0
BRDA:175,1,1,0
BRDA:193,2,0,0
BRDA:193,2,1,0
BRDA:210,3,0,0
BRDA:210,3,1,0
BRF:8
BRH:0
end_of_record
TN:
SF:src/stores/slices/uiSlice.ts
FN:120,(anonymous_0)
FN:123,(anonymous_1)
FN:128,(anonymous_2)
FN:131,(anonymous_3)
FN:134,(anonymous_4)
FN:139,(anonymous_5)
FN:142,(anonymous_6)
FN:145,(anonymous_7)
FN:146,(anonymous_8)
FN:152,(anonymous_9)
FN:157,(anonymous_10)
FN:171,(anonymous_11)
FN:172,(anonymous_12)
FN:177,(anonymous_13)
FN:178,(anonymous_14)
FN:180,(anonymous_15)
FN:185,(anonymous_16)
FN:192,(anonymous_17)
FN:201,(anonymous_18)
FN:204,(anonymous_19)
FN:207,(anonymous_20)
FN:210,(anonymous_21)
FN:215,(anonymous_22)
FN:218,(anonymous_23)
FN:221,(anonymous_24)
FN:224,(anonymous_25)
FN:227,(anonymous_26)
FN:230,(anonymous_27)
FN:233,(anonymous_28)
FNF:29
FNH:0
FNDA:0,(anonymous_0)
FNDA:0,(anonymous_1)
FNDA:0,(anonymous_2)
FNDA:0,(anonymous_3)
FNDA:0,(anonymous_4)
FNDA:0,(anonymous_5)
FNDA:0,(anonymous_6)
FNDA:0,(anonymous_7)
FNDA:0,(anonymous_8)
FNDA:0,(anonymous_9)
FNDA:0,(anonymous_10)
FNDA:0,(anonymous_11)
FNDA:0,(anonymous_12)
FNDA:0,(anonymous_13)
FNDA:0,(anonymous_14)
FNDA:0,(anonymous_15)
FNDA:0,(anonymous_16)
FNDA:0,(anonymous_17)
FNDA:0,(anonymous_18)
FNDA:0,(anonymous_19)
FNDA:0,(anonymous_20)
FNDA:0,(anonymous_21)
FNDA:0,(anonymous_22)
FNDA:0,(anonymous_23)
FNDA:0,(anonymous_24)
FNDA:0,(anonymous_25)
FNDA:0,(anonymous_26)
FNDA:0,(anonymous_27)
FNDA:0,(anonymous_28)
DA:1,0
DA:64,0
DA:115,0
DA:121,0
DA:124,0
DA:129,0
DA:132,0
DA:135,0
DA:140,0
DA:143,0
DA:146,0
DA:147,0
DA:153,0
DA:158,0
DA:164,0
DA:167,0
DA:168,0
DA:172,0
DA:173,0
DA:174,0
DA:178,0
DA:181,0
DA:186,0
DA:193,0
DA:202,0
DA:205,0
DA:208,0
DA:211,0
DA:216,0
DA:219,0
DA:222,0
DA:225,0
DA:228,0
DA:231,0
DA:234,0
DA:239,0
DA:268,0
LF:37
LH:0
BRDA:167,0,0,0
BRDA:167,0,1,0
BRDA:173,1,0,0
BRDA:173,1,1,0
BRF:4
BRH:0
end_of_record
TN:
SF:src/types/index.ts
FN:4,(anonymous_0)
FN:13,(anonymous_1)
FN:21,(anonymous_2)
FNF:3
FNH:0
FNDA:0,(anonymous_0)
FNDA:0,(anonymous_1)
FNDA:0,(anonymous_2)
DA:4,0
DA:5,0
DA:6,0
DA:7,0
DA:8,0
DA:9,0
DA:13,0
DA:14,0
DA:15,0
DA:16,0
DA:17,0
DA:21,0
DA:22,0
DA:23,0
DA:24,0
LF:15
LH:0
BRDA:4,0,0,0
BRDA:4,0,1,0
BRDA:13,1,0,0
BRDA:13,1,1,0
BRDA:21,2,0,0
BRDA:21,2,1,0
BRF:6
BRH:0
end_of_record
TN:
SF:src/utils/dataValidation.ts
FN:37,(anonymous_0)
FN:55,(anonymous_1)
FN:98,(anonymous_2)
FN:147,(anonymous_3)
FN:152,(anonymous_4)
FN:157,(anonymous_5)
FN:162,(anonymous_6)
FN:167,(anonymous_7)
FN:172,(anonymous_8)
FN:177,(anonymous_9)
FN:182,(anonymous_10)
FN:187,(anonymous_11)
FN:192,(anonymous_12)
FN:197,(anonymous_13)
FN:202,(anonymous_14)
FN:207,(anonymous_15)
FN:212,(anonymous_16)
FN:217,(anonymous_17)
FN:222,(anonymous_18)
FN:227,(anonymous_19)
FN:232,(anonymous_20)
FN:237,(anonymous_21)
FN:244,(anonymous_22)
FNF:23
FNH:0
FNDA:0,(anonymous_0)
FNDA:0,(anonymous_1)
FNDA:0,(anonymous_2)
FNDA:0,(anonymous_3)
FNDA:0,(anonymous_4)
FNDA:0,(anonymous_5)
FNDA:0,(anonymous_6)
FNDA:0,(anonymous_7)
FNDA:0,(anonymous_8)
FNDA:0,(anonymous_9)
FNDA:0,(anonymous_10)
FNDA:0,(anonymous_11)
FNDA:0,(anonymous_12)
FNDA:0,(anonymous_13)
FNDA:0,(anonymous_14)
FNDA:0,(anonymous_15)
FNDA:0,(anonymous_16)
FNDA:0,(anonymous_17)
FNDA:0,(anonymous_18)
FNDA:0,(anonymous_19)
FNDA:0,(anonymous_20)
FNDA:0,(anonymous_21)
FNDA:0,(anonymous_22)
DA:1,0
DA:2,0
DA:5,0
DA:18,0
DA:37,0
DA:43,0
DA:55,0
DA:61,0
DA:73,0
DA:86,0
DA:98,0
DA:104,0
DA:124,0
DA:135,0
DA:145,0
DA:148,0
DA:149,0
DA:150,0
DA:152,0
DA:158,0
DA:159,0
DA:160,0
DA:162,0
DA:168,0
DA:169,0
DA:170,0
DA:172,0
DA:178,0
DA:179,0
DA:180,0
DA:182,0
DA:188,0
DA:189,0
DA:190,0
DA:192,0
DA:198,0
DA:199,0
DA:200,0
DA:202,0
DA:208,0
DA:209,0
DA:210,0
DA:212,0
DA:218,0
DA:219,0
DA:220,0
DA:222,0
DA:228,0
DA:229,0
DA:230,0
DA:232,0
DA:241,0
DA:242,0
DA:244,0
DA:245,0
DA:246,0
DA:247,0
DA:249,0
DA:253,0
LF:59
LH:0
BRDA:149,0,0,0
BRDA:149,0,1,0
BRDA:159,1,0,0
BRDA:159,1,1,0
BRDA:169,2,0,0
BRDA:169,2,1,0
BRDA:179,3,0,0
BRDA:179,3,1,0
BRDA:189,4,0,0
BRDA:189,4,1,0
BRDA:199,5,0,0
BRDA:199,5,1,0
BRDA:209,6,0,0
BRDA:209,6,1,0
BRDA:219,7,0,0
BRDA:219,7,1,0
BRDA:229,8,0,0
BRDA:229,8,1,0
BRDA:246,9,0,0
BRDA:246,9,1,0
BRF:20
BRH:0
end_of_record
TN:
SF:src/utils/databaseMigration.ts
FN:29,(anonymous_0)
FN:36,(anonymous_1)
FN:37,(anonymous_2)
FN:47,(anonymous_3)
FN:71,(anonymous_4)
FN:109,(anonymous_5)
FN:115,(anonymous_6)
FN:125,(anonymous_7)
FN:137,(anonymous_8)
FN:147,(anonymous_9)
FN:179,(anonymous_10)
FN:217,(anonymous_11)
FN:251,(anonymous_12)
FN:298,(anonymous_13)
FN:331,(anonymous_14)
FN:367,(anonymous_15)
FN:421,(anonymous_16)
FN:437,(anonymous_17)
FN:453,(anonymous_18)
FNF:19
FNH:0
FNDA:0,(anonymous_0)
FNDA:0,(anonymous_1)
FNDA:0,(anonymous_2)
FNDA:0,(anonymous_3)
FNDA:0,(anonymous_4)
FNDA:0,(anonymous_5)
FNDA:0,(anonymous_6)
FNDA:0,(anonymous_7)
FNDA:0,(anonymous_8)
FNDA:0,(anonymous_9)
FNDA:0,(anonymous_10)
FNDA:0,(anonymous_11)
FNDA:0,(anonymous_12)
FNDA:0,(anonymous_13)
FNDA:0,(anonymous_14)
FNDA:0,(anonymous_15)
FNDA:0,(anonymous_16)
FNDA:0,(anonymous_17)
FNDA:0,(anonymous_18)
DA:1,0
DA:24,0
DA:25,0
DA:26,0
DA:30,0
DA:31,0
DA:32,0
DA:34,0
DA:35,0
DA:36,0
DA:37,0
DA:39,0
DA:41,0
DA:42,0
DA:48,0
DA:50,0
DA:51,0
DA:52,0
DA:55,0
DA:57,0
DA:59,0
DA:60,0
DA:63,0
DA:65,0
DA:66,0
DA:72,0
DA:73,0
DA:74,0
DA:77,0
DA:79,0
DA:80,0
DA:83,0
DA:91,0
DA:94,0
DA:103,0
DA:104,0
DA:110,0
DA:111,0
DA:112,0
DA:115,0
DA:116,0
DA:118,0
DA:120,0
DA:126,0
DA:133,0
DA:138,0
DA:141,0
DA:143,0
DA:148,0
DA:150,0
DA:151,0
DA:152,0
DA:153,0
DA:157,0
DA:178,0
DA:179,0
DA:188,0
DA:216,0
DA:217,0
DA:226,0
DA:250,0
DA:251,0
DA:260,0
DA:297,0
DA:298,0
DA:307,0
DA:330,0
DA:331,0
DA:340,0
DA:366,0
DA:367,0
DA:376,0
DA:420,0
DA:421,0
DA:429,0
DA:431,0
DA:432,0
DA:438,0
DA:440,0
DA:441,0
DA:444,0
DA:447,0
DA:449,0
DA:454,0
DA:455,0
DA:456,0
DA:458,0
DA:459,0
LF:88
LH:0
BRDA:32,0,0,0
BRDA:32,0,1,0
BRDA:39,1,0,0
BRDA:39,1,1,0
BRDA:50,2,0,0
BRDA:50,2,1,0
BRDA:73,3,0,0
BRDA:73,3,1,0
BRDA:100,4,0,0
BRDA:100,4,1,0
BRDA:112,5,0,0
BRDA:112,5,1,0
BRDA:133,6,0,0
BRDA:133,6,1,0
BRDA:151,7,0,0
BRDA:151,7,1,0
BRDA:456,8,0,0
BRDA:456,8,1,0
BRF:18
BRH:0
end_of_record
TN:
SF:src/utils/errorLogger.ts
FN:32,(anonymous_0)
FN:46,(anonymous_1)
FN:50,(anonymous_2)
FN:56,(anonymous_3)
FN:67,(anonymous_4)
FN:82,(anonymous_5)
FN:86,(anonymous_6)
FN:110,(anonymous_7)
FN:138,(anonymous_8)
FN:153,(anonymous_9)
FN:168,(anonymous_10)
FN:182,(anonymous_11)
FN:196,(anonymous_12)
FN:210,(anonymous_13)
FN:212,(anonymous_14)
FN:215,(anonymous_15)
FN:219,(anonymous_16)
FN:226,(anonymous_17)
FN:235,(anonymous_18)
FN:239,(anonymous_19)
FN:250,(anonymous_20)
FN:260,(anonymous_21)
FN:261,(anonymous_22)
FN:262,(anonymous_23)
FN:263,(anonymous_24)
FN:270,(anonymous_25)
FN:285,(anonymous_26)
FN:289,(anonymous_27)
FN:293,(anonymous_28)
FN:297,(anonymous_29)
FNF:30
FNH:0
FNDA:0,(anonymous_0)
FNDA:0,(anonymous_1)
FNDA:0,(anonymous_2)
FNDA:0,(anonymous_3)
FNDA:0,(anonymous_4)
FNDA:0,(anonymous_5)
FNDA:0,(anonymous_6)
FNDA:0,(anonymous_7)
FNDA:0,(anonymous_8)
FNDA:0,(anonymous_9)
FNDA:0,(anonymous_10)
FNDA:0,(anonymous_11)
FNDA:0,(anonymous_12)
FNDA:0,(anonymous_13)
FNDA:0,(anonymous_14)
FNDA:0,(anonymous_15)
FNDA:0,(anonymous_16)
FNDA:0,(anonymous_17)
FNDA:0,(anonymous_18)
FNDA:0,(anonymous_19)
FNDA:0,(anonymous_20)
FNDA:0,(anonymous_21)
FNDA:0,(anonymous_22)
FNDA:0,(anonymous_23)
FNDA:0,(anonymous_24)
FNDA:0,(anonymous_25)
FNDA:0,(anonymous_26)
FNDA:0,(anonymous_27)
FNDA:0,(anonymous_28)
FNDA:0,(anonymous_29)
DA:28,0
DA:29,0
DA:30,0
DA:33,0
DA:42,0
DA:43,0
DA:47,0
DA:51,0
DA:52,0
DA:53,0
DA:54,0
DA:55,0
DA:56,0
DA:62,0
DA:68,0
DA:69,0
DA:70,0
DA:75,0
DA:77,0
DA:83,0
DA:93,0
DA:107,0
DA:112,0
DA:113,0
DA:114,0
DA:116,0
DA:118,0
DA:119,0
DA:121,0
DA:122,0
DA:124,0
DA:125,0
DA:127,0
DA:128,0
DA:133,0
DA:134,0
DA:139,0
DA:140,0
DA:148,0
DA:154,0
DA:156,0
DA:157,0
DA:160,0
DA:161,0
DA:164,0
DA:165,0
DA:169,0
DA:171,0
DA:172,0
DA:174,0
DA:175,0
DA:178,0
DA:179,0
DA:183,0
DA:185,0
DA:186,0
DA:188,0
DA:189,0
DA:192,0
DA:193,0
DA:197,0
DA:199,0
DA:200,0
DA:202,0
DA:203,0
DA:206,0
DA:207,0
DA:211,0
DA:212,0
DA:216,0
DA:220,0
DA:221,0
DA:222,0
DA:227,0
DA:236,0
DA:237,0
DA:238,0
DA:239,0
DA:243,0
DA:246,0
DA:258,0
DA:260,0
DA:261,0
DA:262,0
DA:263,0
DA:267,0
DA:271,0
DA:276,0
DA:285,0
DA:286,0
DA:289,0
DA:290,0
DA:293,0
DA:294,0
DA:297,0
DA:298,0
LF:96
LH:0
BRDA:32,0,0,0
BRDA:51,1,0,0
BRDA:51,1,1,0
BRDA:54,2,0,0
BRDA:54,2,1,0
BRDA:56,3,0,0
BRDA:56,3,1,0
BRDA:68,4,0,0
BRDA:68,4,1,0
BRDA:101,5,0,0
BRDA:101,5,1,0
BRDA:102,6,0,0
BRDA:102,6,1,0
BRDA:112,7,0,0
BRDA:112,7,1,0
BRDA:116,8,0,0
BRDA:116,8,1,0
BRDA:116,8,2,0
BRDA:116,8,3,0
BRDA:133,9,0,0
BRDA:133,9,1,0
BRDA:133,10,0,0
BRDA:133,10,1,0
BRDA:154,11,0,0
BRDA:154,11,1,0
BRDA:160,12,0,0
BRDA:160,12,1,0
BRDA:169,13,0,0
BRDA:169,13,1,0
BRDA:174,14,0,0
BRDA:174,14,1,0
BRDA:183,15,0,0
BRDA:183,15,1,0
BRDA:188,16,0,0
BRDA:188,16,1,0
BRDA:197,17,0,0
BRDA:197,17,1,0
BRDA:202,18,0,0
BRDA:202,18,1,0
BRDA:211,19,0,0
BRDA:211,19,1,0
BRDA:221,20,0,0
BRDA:221,20,1,0
BRDA:238,21,0,0
BRDA:238,21,1,0
BRDA:238,22,0,0
BRDA:238,22,1,0
BRF:47
BRH:0
end_of_record
